2026.06.02 11:34:02 INFO  Started: Metals version 1.6.7 in folders '/Users/abdillahi/soc-alert-triage-assistant' for client Visual Studio Code 1.82.3.
2026.06.02 11:34:02 INFO  Memory monitor started
2026.06.02 11:34:03 WARN  Using H2 2.4.240 which is newer than the version Flyway has been verified with. The latest verified version of H2 is 2.3.232.
Jun 02, 2026 11:34:05 AM org.eclipse.lsp4j.jsonrpc.RemoteEndpoint handleNotification
WARNING: Notification threw an exception: {
  "jsonrpc": "2.0",
  "method": "metals/didFocusTextDocument",
  "params": [
    "class:/Users/abdillahi/soc-alert-triage-assistant/target/classes/com/abdillahi/soc/App.class"
  ]
}
java.nio.file.FileSystemNotFoundException: Provider "class" not installed
	at java.base/java.nio.file.Path.of(Path.java:213)
	at java.base/java.nio.file.Paths.get(Paths.java:98)
	at scala.meta.internal.mtags.MtagsEnrichments$XtensionURIMtags.toAbsolutePath(MtagsEnrichments.scala:149)
	at scala.meta.internal.mtags.MtagsEnrichments$XtensionStringMtags.toAbsolutePath(MtagsEnrichments.scala:209)
	at scala.meta.internal.metals.MetalsEnrichments$XtensionString.toAbsolutePath(MetalsEnrichments.scala:787)
	at scala.meta.internal.metals.MetalsEnrichments$XtensionString.toAbsolutePath(MetalsEnrichments.scala:784)
	at scala.meta.internal.metals.WorkspaceLspService.didFocus(WorkspaceLspService.scala:808)
	at scala.meta.metals.lsp.DelegatingScalaService.didFocus(DelegatingScalaService.scala:42)
	at java.base/jdk.internal.reflect.DirectMethodHandleAccessor.invoke(DirectMethodHandleAccessor.java:103)
	at java.base/java.lang.reflect.Method.invoke(Method.java:580)
	at org.eclipse.lsp4j.jsonrpc.services.GenericEndpoint.lambda$recursiveFindRpcMethods$0(GenericEndpoint.java:65)
	at org.eclipse.lsp4j.jsonrpc.services.GenericEndpoint.notify(GenericEndpoint.java:160)
	at org.eclipse.lsp4j.jsonrpc.RemoteEndpoint.handleNotification(RemoteEndpoint.java:225)
	at org.eclipse.lsp4j.jsonrpc.RemoteEndpoint.consume(RemoteEndpoint.java:192)
	at org.eclipse.lsp4j.jsonrpc.json.StreamMessageProducer.handleMessage(StreamMessageProducer.java:189)
	at org.eclipse.lsp4j.jsonrpc.json.StreamMessageProducer.listen(StreamMessageProducer.java:97)
	at org.eclipse.lsp4j.jsonrpc.json.ConcurrentMessageProcessor.run(ConcurrentMessageProcessor.java:97)
	at java.base/java.util.concurrent.Executors$RunnableAdapter.call(Executors.java:572)
	at java.base/java.util.concurrent.FutureTask.run(FutureTask.java:317)
	at java.base/java.util.concurrent.ThreadPoolExecutor.runWorker(ThreadPoolExecutor.java:1144)
	at java.base/java.util.concurrent.ThreadPoolExecutor$Worker.run(ThreadPoolExecutor.java:642)
	at java.base/java.lang.Thread.run(Thread.java:1583)

Jun 02, 2026 11:35:27 AM org.eclipse.lsp4j.jsonrpc.RemoteEndpoint handleNotification
WARNING: Notification threw an exception: {
  "jsonrpc": "2.0",
  "method": "metals/didFocusTextDocument",
  "params": [
    "class:/Users/abdillahi/soc-alert-triage-assistant/target/classes/com/abdillahi/soc/App.class"
  ]
}
java.nio.file.FileSystemNotFoundException: Provider "class" not installed
	at java.base/java.nio.file.Path.of(Path.java:213)
	at java.base/java.nio.file.Paths.get(Paths.java:98)
	at scala.meta.internal.mtags.MtagsEnrichments$XtensionURIMtags.toAbsolutePath(MtagsEnrichments.scala:149)
	at scala.meta.internal.mtags.MtagsEnrichments$XtensionStringMtags.toAbsolutePath(MtagsEnrichments.scala:209)
	at scala.meta.internal.metals.MetalsEnrichments$XtensionString.toAbsolutePath(MetalsEnrichments.scala:787)
	at scala.meta.internal.metals.MetalsEnrichments$XtensionString.toAbsolutePath(MetalsEnrichments.scala:784)
	at scala.meta.internal.metals.WorkspaceLspService.didFocus(WorkspaceLspService.scala:808)
	at scala.meta.metals.lsp.DelegatingScalaService.didFocus(DelegatingScalaService.scala:42)
	at java.base/jdk.internal.reflect.DirectMethodHandleAccessor.invoke(DirectMethodHandleAccessor.java:103)
	at java.base/java.lang.reflect.Method.invoke(Method.java:580)
	at org.eclipse.lsp4j.jsonrpc.services.GenericEndpoint.lambda$recursiveFindRpcMethods$0(GenericEndpoint.java:65)
	at org.eclipse.lsp4j.jsonrpc.services.GenericEndpoint.notify(GenericEndpoint.java:160)
	at org.eclipse.lsp4j.jsonrpc.RemoteEndpoint.handleNotification(RemoteEndpoint.java:225)
	at org.eclipse.lsp4j.jsonrpc.RemoteEndpoint.consume(RemoteEndpoint.java:192)
	at org.eclipse.lsp4j.jsonrpc.json.StreamMessageProducer.handleMessage(StreamMessageProducer.java:189)
	at org.eclipse.lsp4j.jsonrpc.json.StreamMessageProducer.listen(StreamMessageProducer.java:97)
	at org.eclipse.lsp4j.jsonrpc.json.ConcurrentMessageProcessor.run(ConcurrentMessageProcessor.java:97)
	at java.base/java.util.concurrent.Executors$RunnableAdapter.call(Executors.java:572)
	at java.base/java.util.concurrent.FutureTask.run(FutureTask.java:317)
	at java.base/java.util.concurrent.ThreadPoolExecutor.runWorker(ThreadPoolExecutor.java:1144)
	at java.base/java.util.concurrent.ThreadPoolExecutor$Worker.run(ThreadPoolExecutor.java:642)
	at java.base/java.lang.Thread.run(Thread.java:1583)

2026.06.02 11:41:51 INFO  no build target found for /Users/abdillahi/soc-alert-triage-assistant/src/main/java/com/abdillahi/soc/io/AlertLoader.java. Using fallback presentation compiler.
2026.06.02 11:42:56 INFO  no build target found for /Users/abdillahi/soc-alert-triage-assistant/src/main/java/com/abdillahi/soc/io/AlertLoader.java. Using fallback presentation compiler.
2026.06.02 11:43:17 INFO  no build target found for /Users/abdillahi/soc-alert-triage-assistant/src/main/java/com/abdillahi/soc/io/AlertLoader.java. Using fallback presentation compiler.
2026.06.02 11:43:18 INFO  no build target found for /Users/abdillahi/soc-alert-triage-assistant/src/main/java/com/abdillahi/soc/io/AlertLoader.java. Using fallback presentation compiler.
2026.06.02 11:43:18 INFO  no build target found for /Users/abdillahi/soc-alert-triage-assistant/src/main/java/com/abdillahi/soc/io/AlertLoader.java. Using fallback presentation compiler.
2026.06.02 11:43:18 INFO  no build target found for /Users/abdillahi/soc-alert-triage-assistant/src/main/java/com/abdillahi/soc/io/AlertLoader.java. Using fallback presentation compiler.
2026.06.02 11:43:18 INFO  no build target found for /Users/abdillahi/soc-alert-triage-assistant/src/main/java/com/abdillahi/soc/io/AlertLoader.java. Using fallback presentation compiler.
2026.06.02 11:43:18 WARN  no build target for: /Users/abdillahi/soc-alert-triage-assistant/src/main/java/com/abdillahi/soc/io/AlertLoader.java
2026.06.02 11:43:18 INFO  no build target found for /Users/abdillahi/soc-alert-triage-assistant/src/main/java/com/abdillahi/soc/io/AlertLoader.java. Using fallback presentation compiler.
2026.06.02 11:43:18 INFO  no build target found for /Users/abdillahi/soc-alert-triage-assistant/src/main/java/com/abdillahi/soc/io/AlertLoader.java. Using fallback presentation compiler.
2026.06.02 11:43:20 INFO  no build target found for /Users/abdillahi/soc-alert-triage-assistant/src/main/java/com/abdillahi/soc/io/AlertLoader.java. Using fallback presentation compiler.
2026.06.02 11:43:22 INFO  no build target found for /Users/abdillahi/soc-alert-triage-assistant/src/main/java/com/abdillahi/soc/io/AlertLoader.java. Using fallback presentation compiler.
2026.06.02 11:43:22 INFO  no build target found for /Users/abdillahi/soc-alert-triage-assistant/src/main/java/com/abdillahi/soc/io/AlertLoader.java. Using fallback presentation compiler.
2026.06.02 11:43:22 INFO  no build target found for /Users/abdillahi/soc-alert-triage-assistant/src/main/java/com/abdillahi/soc/io/AlertLoader.java. Using fallback presentation compiler.
2026.06.02 11:43:24 INFO  no build target found for /Users/abdillahi/soc-alert-triage-assistant/src/main/java/com/abdillahi/soc/io/AlertLoader.java. Using fallback presentation compiler.
2026.06.02 11:43:24 INFO  no build target found for /Users/abdillahi/soc-alert-triage-assistant/src/main/java/com/abdillahi/soc/io/AlertLoader.java. Using fallback presentation compiler.
2026.06.02 11:43:25 INFO  no build target found for /Users/abdillahi/soc-alert-triage-assistant/src/main/java/com/abdillahi/soc/io/AlertLoader.java. Using fallback presentation compiler.
2026.06.02 11:43:25 INFO  no build target found for /Users/abdillahi/soc-alert-triage-assistant/src/main/java/com/abdillahi/soc/io/AlertLoader.java. Using fallback presentation compiler.
2026.06.02 11:43:26 INFO  no build target found for /Users/abdillahi/soc-alert-triage-assistant/src/main/java/com/abdillahi/soc/io/AlertLoader.java. Using fallback presentation compiler.
2026.06.02 11:43:25 INFO  no build target found for /Users/abdillahi/soc-alert-triage-assistant/src/main/java/com/abdillahi/soc/io/AlertLoader.java. Using fallback presentation compiler.
2026.06.02 11:43:27 INFO  no build target found for /Users/abdillahi/soc-alert-triage-assistant/src/main/java/com/abdillahi/soc/io/AlertLoader.java. Using fallback presentation compiler.
2026.06.02 11:43:27 INFO  no build target found for /Users/abdillahi/soc-alert-triage-assistant/src/main/java/com/abdillahi/soc/io/AlertLoader.java. Using fallback presentation compiler.
2026.06.02 11:43:27 INFO  no build target found for /Users/abdillahi/soc-alert-triage-assistant/src/main/java/com/abdillahi/soc/io/AlertLoader.java. Using fallback presentation compiler.
2026.06.02 11:43:29 INFO  no build target found for /Users/abdillahi/soc-alert-triage-assistant/src/main/java/com/abdillahi/soc/io/AlertLoader.java. Using fallback presentation compiler.
2026.06.02 11:43:29 INFO  no build target found for /Users/abdillahi/soc-alert-triage-assistant/src/main/java/com/abdillahi/soc/io/AlertLoader.java. Using fallback presentation compiler.
2026.06.02 11:43:29 INFO  no build target found for /Users/abdillahi/soc-alert-triage-assistant/src/main/java/com/abdillahi/soc/io/AlertLoader.java. Using fallback presentation compiler.
2026.06.02 11:43:29 INFO  no build target found for /Users/abdillahi/soc-alert-triage-assistant/src/main/java/com/abdillahi/soc/io/AlertLoader.java. Using fallback presentation compiler.
2026.06.02 11:43:29 INFO  no build target found for /Users/abdillahi/soc-alert-triage-assistant/src/main/java/com/abdillahi/soc/io/AlertLoader.java. Using fallback presentation compiler.
2026.06.02 11:43:32 INFO  no build target found for /Users/abdillahi/soc-alert-triage-assistant/src/main/java/com/abdillahi/soc/io/AlertLoader.java. Using fallback presentation compiler.
2026.06.02 11:43:32 INFO  no build target found for /Users/abdillahi/soc-alert-triage-assistant/src/main/java/com/abdillahi/soc/io/AlertLoader.java. Using fallback presentation compiler.
2026.06.02 11:43:32 INFO  no build target found for /Users/abdillahi/soc-alert-triage-assistant/src/main/java/com/abdillahi/soc/io/AlertLoader.java. Using fallback presentation compiler.
2026.06.02 11:43:33 INFO  no build target found for /Users/abdillahi/soc-alert-triage-assistant/src/main/java/com/abdillahi/soc/io/AlertLoader.java. Using fallback presentation compiler.
2026.06.02 11:43:43 WARN  no build target for: /Users/abdillahi/soc-alert-triage-assistant/src/main/java/com/abdillahi/soc/io/AlertLoader.java
2026.06.02 11:43:43 INFO  no build target found for /Users/abdillahi/soc-alert-triage-assistant/src/main/java/com/abdillahi/soc/io/AlertLoader.java. Using fallback presentation compiler.
2026.06.02 11:43:43 INFO  no build target found for /Users/abdillahi/soc-alert-triage-assistant/src/main/java/com/abdillahi/soc/io/AlertLoader.java. Using fallback presentation compiler.
2026.06.02 11:43:43 INFO  no build target found for /Users/abdillahi/soc-alert-triage-assistant/src/main/java/com/abdillahi/soc/io/AlertLoader.java. Using fallback presentation compiler.
2026.06.02 11:43:43 INFO  no build target found for /Users/abdillahi/soc-alert-triage-assistant/src/main/java/com/abdillahi/soc/io/AlertLoader.java. Using fallback presentation compiler.
2026.06.02 11:43:43 INFO  no build target found for /Users/abdillahi/soc-alert-triage-assistant/src/main/java/com/abdillahi/soc/io/AlertLoader.java. Using fallback presentation compiler.
2026.06.02 11:43:45 INFO  no build target found for /Users/abdillahi/soc-alert-triage-assistant/src/main/java/com/abdillahi/soc/io/AlertLoader.java. Using fallback presentation compiler.
2026.06.02 11:43:45 INFO  no build target found for /Users/abdillahi/soc-alert-triage-assistant/src/main/java/com/abdillahi/soc/io/AlertLoader.java. Using fallback presentation compiler.
2026.06.02 11:43:46 INFO  no build target found for /Users/abdillahi/soc-alert-triage-assistant/src/main/java/com/abdillahi/soc/io/AlertLoader.java. Using fallback presentation compiler.
2026.06.02 11:43:46 INFO  no build target found for /Users/abdillahi/soc-alert-triage-assistant/src/main/java/com/abdillahi/soc/io/AlertLoader.java. Using fallback presentation compiler.
2026.06.02 11:43:48 INFO  no build target found for /Users/abdillahi/soc-alert-triage-assistant/src/main/java/com/abdillahi/soc/io/AlertLoader.java. Using fallback presentation compiler.
2026.06.02 11:43:49 INFO  no build target found for /Users/abdillahi/soc-alert-triage-assistant/src/main/java/com/abdillahi/soc/io/AlertLoader.java. Using fallback presentation compiler.
2026.06.02 11:43:49 INFO  no build target found for /Users/abdillahi/soc-alert-triage-assistant/src/main/java/com/abdillahi/soc/io/AlertLoader.java. Using fallback presentation compiler.
2026.06.02 11:43:49 INFO  no build target found for /Users/abdillahi/soc-alert-triage-assistant/src/main/java/com/abdillahi/soc/io/AlertLoader.java. Using fallback presentation compiler.
2026.06.02 11:43:51 INFO  no build target found for /Users/abdillahi/soc-alert-triage-assistant/src/main/java/com/abdillahi/soc/io/AlertLoader.java. Using fallback presentation compiler.
2026.06.02 11:43:54 INFO  no build target found for /Users/abdillahi/soc-alert-triage-assistant/src/main/java/com/abdillahi/soc/io/AlertLoader.java. Using fallback presentation compiler.
2026.06.02 11:43:54 INFO  no build target found for /Users/abdillahi/soc-alert-triage-assistant/src/main/java/com/abdillahi/soc/io/AlertLoader.java. Using fallback presentation compiler.
2026.06.02 11:43:54 INFO  no build target found for /Users/abdillahi/soc-alert-triage-assistant/src/main/java/com/abdillahi/soc/io/AlertLoader.java. Using fallback presentation compiler.
2026.06.02 11:43:54 INFO  no build target found for /Users/abdillahi/soc-alert-triage-assistant/src/main/java/com/abdillahi/soc/io/AlertLoader.java. Using fallback presentation compiler.
2026.06.02 11:43:54 INFO  no build target found for /Users/abdillahi/soc-alert-triage-assistant/src/main/java/com/abdillahi/soc/io/AlertLoader.java. Using fallback presentation compiler.
2026.06.02 11:43:55 INFO  no build target found for /Users/abdillahi/soc-alert-triage-assistant/src/main/java/com/abdillahi/soc/io/AlertLoader.java. Using fallback presentation compiler.
2026.06.02 11:43:55 INFO  no build target found for /Users/abdillahi/soc-alert-triage-assistant/src/main/java/com/abdillahi/soc/io/AlertLoader.java. Using fallback presentation compiler.
2026.06.02 11:43:55 INFO  no build target found for /Users/abdillahi/soc-alert-triage-assistant/src/main/java/com/abdillahi/soc/io/AlertLoader.java. Using fallback presentation compiler.
2026.06.02 11:43:56 INFO  no build target found for /Users/abdillahi/soc-alert-triage-assistant/src/main/java/com/abdillahi/soc/io/AlertLoader.java. Using fallback presentation compiler.
2026.06.02 11:43:55 INFO  no build target found for /Users/abdillahi/soc-alert-triage-assistant/src/main/java/com/abdillahi/soc/io/AlertLoader.java. Using fallback presentation compiler.
2026.06.02 11:43:57 INFO  no build target found for /Users/abdillahi/soc-alert-triage-assistant/src/main/java/com/abdillahi/soc/io/AlertLoader.java. Using fallback presentation compiler.
2026.06.02 11:43:57 INFO  no build target found for /Users/abdillahi/soc-alert-triage-assistant/src/main/java/com/abdillahi/soc/io/AlertLoader.java. Using fallback presentation compiler.
2026.06.02 11:43:57 INFO  no build target found for /Users/abdillahi/soc-alert-triage-assistant/src/main/java/com/abdillahi/soc/io/AlertLoader.java. Using fallback presentation compiler.
2026.06.02 11:43:57 INFO  no build target found for /Users/abdillahi/soc-alert-triage-assistant/src/main/java/com/abdillahi/soc/io/AlertLoader.java. Using fallback presentation compiler.
2026.06.02 11:43:57 INFO  no build target found for /Users/abdillahi/soc-alert-triage-assistant/src/main/java/com/abdillahi/soc/io/AlertLoader.java. Using fallback presentation compiler.
2026.06.02 11:43:58 INFO  no build target found for /Users/abdillahi/soc-alert-triage-assistant/src/main/java/com/abdillahi/soc/io/AlertLoader.java. Using fallback presentation compiler.
2026.06.02 11:43:59 INFO  no build target found for /Users/abdillahi/soc-alert-triage-assistant/src/main/java/com/abdillahi/soc/io/AlertLoader.java. Using fallback presentation compiler.
2026.06.02 11:43:58 INFO  no build target found for /Users/abdillahi/soc-alert-triage-assistant/src/main/java/com/abdillahi/soc/io/AlertLoader.java. Using fallback presentation compiler.
2026.06.02 11:43:59 INFO  no build target found for /Users/abdillahi/soc-alert-triage-assistant/src/main/java/com/abdillahi/soc/io/AlertLoader.java. Using fallback presentation compiler.
2026.06.02 11:44:00 WARN  no build target for: /Users/abdillahi/soc-alert-triage-assistant/src/main/java/com/abdillahi/soc/io/AlertLoader.java
2026.06.02 11:44:00 INFO  no build target found for /Users/abdillahi/soc-alert-triage-assistant/src/main/java/com/abdillahi/soc/io/AlertLoader.java. Using fallback presentation compiler.
2026.06.02 11:44:00 INFO  no build target found for /Users/abdillahi/soc-alert-triage-assistant/src/main/java/com/abdillahi/soc/io/AlertLoader.java. Using fallback presentation compiler.
2026.06.02 11:44:01 INFO  no build target found for /Users/abdillahi/soc-alert-triage-assistant/src/main/java/com/abdillahi/soc/io/AlertLoader.java. Using fallback presentation compiler.
2026.06.02 11:44:01 INFO  no build target found for /Users/abdillahi/soc-alert-triage-assistant/src/main/java/com/abdillahi/soc/io/AlertLoader.java. Using fallback presentation compiler.
2026.06.02 11:44:01 INFO  no build target found for /Users/abdillahi/soc-alert-triage-assistant/src/main/java/com/abdillahi/soc/io/AlertLoader.java. Using fallback presentation compiler.
2026.06.02 11:44:03 INFO  no build target found for /Users/abdillahi/soc-alert-triage-assistant/src/main/java/com/abdillahi/soc/io/AlertLoader.java. Using fallback presentation compiler.
2026.06.02 11:44:03 INFO  no build target found for /Users/abdillahi/soc-alert-triage-assistant/src/main/java/com/abdillahi/soc/io/AlertLoader.java. Using fallback presentation compiler.
2026.06.02 11:44:05 INFO  no build target found for /Users/abdillahi/soc-alert-triage-assistant/src/main/java/com/abdillahi/soc/io/AlertLoader.java. Using fallback presentation compiler.
2026.06.02 11:44:05 INFO  no build target found for /Users/abdillahi/soc-alert-triage-assistant/src/main/java/com/abdillahi/soc/io/AlertLoader.java. Using fallback presentation compiler.
2026.06.02 11:44:05 INFO  no build target found for /Users/abdillahi/soc-alert-triage-assistant/src/main/java/com/abdillahi/soc/io/AlertLoader.java. Using fallback presentation compiler.
2026.06.02 11:44:05 INFO  no build target found for /Users/abdillahi/soc-alert-triage-assistant/src/main/java/com/abdillahi/soc/io/AlertLoader.java. Using fallback presentation compiler.
2026.06.02 11:44:05 INFO  no build target found for /Users/abdillahi/soc-alert-triage-assistant/src/main/java/com/abdillahi/soc/io/AlertLoader.java. Using fallback presentation compiler.
2026.06.02 11:44:06 INFO  no build target found for /Users/abdillahi/soc-alert-triage-assistant/src/main/java/com/abdillahi/soc/io/AlertLoader.java. Using fallback presentation compiler.
2026.06.02 11:44:06 INFO  no build target found for /Users/abdillahi/soc-alert-triage-assistant/src/main/java/com/abdillahi/soc/io/AlertLoader.java. Using fallback presentation compiler.
2026.06.02 11:44:07 INFO  no build target found for /Users/abdillahi/soc-alert-triage-assistant/src/main/java/com/abdillahi/soc/io/AlertLoader.java. Using fallback presentation compiler.
2026.06.02 11:44:07 INFO  no build target found for /Users/abdillahi/soc-alert-triage-assistant/src/main/java/com/abdillahi/soc/io/AlertLoader.java. Using fallback presentation compiler.
2026.06.02 11:44:07 INFO  no build target found for /Users/abdillahi/soc-alert-triage-assistant/src/main/java/com/abdillahi/soc/io/AlertLoader.java. Using fallback presentation compiler.
2026.06.02 11:44:07 INFO  no build target found for /Users/abdillahi/soc-alert-triage-assistant/src/main/java/com/abdillahi/soc/io/AlertLoader.java. Using fallback presentation compiler.
2026.06.02 11:44:09 INFO  no build target found for /Users/abdillahi/soc-alert-triage-assistant/src/main/java/com/abdillahi/soc/io/AlertLoader.java. Using fallback presentation compiler.
2026.06.02 11:44:09 INFO  no build target found for /Users/abdillahi/soc-alert-triage-assistant/src/main/java/com/abdillahi/soc/io/AlertLoader.java. Using fallback presentation compiler.
Jun 02, 2026 11:44:09 AM org.eclipse.lsp4j.jsonrpc.RemoteEndpoint handleCancellation
WARNING: Unmatched cancel notification for request id 125
2026.06.02 11:44:09 INFO  no build target found for /Users/abdillahi/soc-alert-triage-assistant/src/main/java/com/abdillahi/soc/io/AlertLoader.java. Using fallback presentation compiler.
2026.06.02 11:44:11 INFO  no build target found for /Users/abdillahi/soc-alert-triage-assistant/src/main/java/com/abdillahi/soc/io/AlertLoader.java. Using fallback presentation compiler.
2026.06.02 11:44:11 INFO  no build target found for /Users/abdillahi/soc-alert-triage-assistant/src/main/java/com/abdillahi/soc/io/AlertLoader.java. Using fallback presentation compiler.
2026.06.02 11:44:13 INFO  no build target found for /Users/abdillahi/soc-alert-triage-assistant/src/main/java/com/abdillahi/soc/io/AlertLoader.java. Using fallback presentation compiler.
2026.06.02 11:44:13 INFO  no build target found for /Users/abdillahi/soc-alert-triage-assistant/src/main/java/com/abdillahi/soc/io/AlertLoader.java. Using fallback presentation compiler.
2026.06.02 11:44:13 INFO  no build target found for /Users/abdillahi/soc-alert-triage-assistant/src/main/java/com/abdillahi/soc/io/AlertLoader.java. Using fallback presentation compiler.
2026.06.02 11:44:14 INFO  no build target found for /Users/abdillahi/soc-alert-triage-assistant/src/main/java/com/abdillahi/soc/io/AlertLoader.java. Using fallback presentation compiler.
2026.06.02 11:44:14 INFO  no build target found for /Users/abdillahi/soc-alert-triage-assistant/src/main/java/com/abdillahi/soc/io/AlertLoader.java. Using fallback presentation compiler.
2026.06.02 11:44:14 INFO  no build target found for /Users/abdillahi/soc-alert-triage-assistant/src/main/java/com/abdillahi/soc/io/AlertLoader.java. Using fallback presentation compiler.
2026.06.02 11:44:17 INFO  no build target found for /Users/abdillahi/soc-alert-triage-assistant/src/main/java/com/abdillahi/soc/io/AlertLoader.java. Using fallback presentation compiler.
2026.06.02 11:44:22 INFO  no build target found for /Users/abdillahi/soc-alert-triage-assistant/src/main/java/com/abdillahi/soc/io/AlertLoader.java. Using fallback presentation compiler.
2026.06.02 11:44:32 INFO  no build target found for /Users/abdillahi/soc-alert-triage-assistant/src/main/java/com/abdillahi/soc/App.java. Using fallback presentation compiler.
2026.06.02 11:44:32 INFO  no build target found for /Users/abdillahi/soc-alert-triage-assistant/src/main/java/com/abdillahi/soc/App.java. Using fallback presentation compiler.
2026.06.02 11:44:32 INFO  no build target found for /Users/abdillahi/soc-alert-triage-assistant/src/main/java/com/abdillahi/soc/App.java. Using fallback presentation compiler.
2026.06.02 11:44:34 INFO  no build target found for /Users/abdillahi/soc-alert-triage-assistant/src/main/java/com/abdillahi/soc/App.java. Using fallback presentation compiler.
2026.06.02 11:44:34 INFO  no build target found for /Users/abdillahi/soc-alert-triage-assistant/src/main/java/com/abdillahi/soc/App.java. Using fallback presentation compiler.
2026.06.02 11:44:35 INFO  no build target found for /Users/abdillahi/soc-alert-triage-assistant/src/main/java/com/abdillahi/soc/App.java. Using fallback presentation compiler.
2026.06.02 11:44:35 INFO  no build target found for /Users/abdillahi/soc-alert-triage-assistant/src/main/java/com/abdillahi/soc/App.java. Using fallback presentation compiler.
2026.06.02 11:44:35 WARN  no build target for: /Users/abdillahi/soc-alert-triage-assistant/src/main/java/com/abdillahi/soc/App.java
2026.06.02 11:44:35 INFO  no build target found for /Users/abdillahi/soc-alert-triage-assistant/src/main/java/com/abdillahi/soc/App.java. Using fallback presentation compiler.
2026.06.02 11:44:35 INFO  no build target found for /Users/abdillahi/soc-alert-triage-assistant/src/main/java/com/abdillahi/soc/App.java. Using fallback presentation compiler.
2026.06.02 11:44:36 INFO  no build target found for /Users/abdillahi/soc-alert-triage-assistant/src/main/java/com/abdillahi/soc/App.java. Using fallback presentation compiler.
2026.06.02 11:44:36 INFO  no build target found for /Users/abdillahi/soc-alert-triage-assistant/src/main/java/com/abdillahi/soc/App.java. Using fallback presentation compiler.
2026.06.02 11:44:51 INFO  no build target found for /Users/abdillahi/soc-alert-triage-assistant/src/main/java/com/abdillahi/soc/App.java. Using fallback presentation compiler.
2026.06.02 11:45:31 WARN  no build target for: /Users/abdillahi/soc-alert-triage-assistant/src/main/java/com/abdillahi/soc/App.java
2026.06.02 11:45:31 INFO  no build target found for /Users/abdillahi/soc-alert-triage-assistant/src/main/java/com/abdillahi/soc/App.java. Using fallback presentation compiler.
2026.06.02 11:45:31 INFO  no build target found for /Users/abdillahi/soc-alert-triage-assistant/src/main/java/com/abdillahi/soc/App.java. Using fallback presentation compiler.
2026.06.02 11:45:31 INFO  no build target found for /Users/abdillahi/soc-alert-triage-assistant/src/main/java/com/abdillahi/soc/App.java. Using fallback presentation compiler.
2026.06.02 11:45:31 INFO  no build target found for /Users/abdillahi/soc-alert-triage-assistant/src/main/java/com/abdillahi/soc/App.java. Using fallback presentation compiler.
2026.06.02 11:45:34 WARN  no build target for: /Users/abdillahi/soc-alert-triage-assistant/src/main/java/com/abdillahi/soc/io/AlertLoader.java
2026.06.02 11:45:34 INFO  no build target found for /Users/abdillahi/soc-alert-triage-assistant/src/main/java/com/abdillahi/soc/io/AlertLoader.java. Using fallback presentation compiler.
2026.06.02 11:45:34 INFO  no build target found for /Users/abdillahi/soc-alert-triage-assistant/src/main/java/com/abdillahi/soc/io/AlertLoader.java. Using fallback presentation compiler.
2026.06.02 11:45:34 INFO  no build target found for /Users/abdillahi/soc-alert-triage-assistant/src/main/java/com/abdillahi/soc/io/AlertLoader.java. Using fallback presentation compiler.
2026.06.02 11:45:34 INFO  no build target found for /Users/abdillahi/soc-alert-triage-assistant/src/main/java/com/abdillahi/soc/io/AlertLoader.java. Using fallback presentation compiler.
2026.06.02 11:45:35 INFO  no build target found for /Users/abdillahi/soc-alert-triage-assistant/src/main/java/com/abdillahi/soc/io/AlertLoader.java. Using fallback presentation compiler.
2026.06.02 11:45:35 INFO  no build target found for /Users/abdillahi/soc-alert-triage-assistant/src/main/java/com/abdillahi/soc/io/AlertLoader.java. Using fallback presentation compiler.
2026.06.02 11:45:37 INFO  no build target found for /Users/abdillahi/soc-alert-triage-assistant/src/main/java/com/abdillahi/soc/io/AlertLoader.java. Using fallback presentation compiler.
2026.06.02 11:45:37 INFO  no build target found for /Users/abdillahi/soc-alert-triage-assistant/src/main/java/com/abdillahi/soc/io/AlertLoader.java. Using fallback presentation compiler.
2026.06.02 11:45:44 INFO  no build target found for /Users/abdillahi/soc-alert-triage-assistant/src/main/java/com/abdillahi/soc/io/AlertLoader.java. Using fallback presentation compiler.
2026.06.02 11:45:44 INFO  no build target found for /Users/abdillahi/soc-alert-triage-assistant/src/main/java/com/abdillahi/soc/io/AlertLoader.java. Using fallback presentation compiler.
2026.06.02 11:45:45 INFO  no build target found for /Users/abdillahi/soc-alert-triage-assistant/src/main/java/com/abdillahi/soc/io/AlertLoader.java. Using fallback presentation compiler.
2026.06.02 11:45:45 INFO  no build target found for /Users/abdillahi/soc-alert-triage-assistant/src/main/java/com/abdillahi/soc/io/AlertLoader.java. Using fallback presentation compiler.
2026.06.02 11:45:49 INFO  no build target found for /Users/abdillahi/soc-alert-triage-assistant/src/main/java/com/abdillahi/soc/io/AlertLoader.java. Using fallback presentation compiler.
2026.06.02 11:45:49 INFO  no build target found for /Users/abdillahi/soc-alert-triage-assistant/src/main/java/com/abdillahi/soc/io/AlertLoader.java. Using fallback presentation compiler.
2026.06.02 11:45:49 INFO  no build target found for /Users/abdillahi/soc-alert-triage-assistant/src/main/java/com/abdillahi/soc/io/AlertLoader.java. Using fallback presentation compiler.
2026.06.02 11:45:50 INFO  no build target found for /Users/abdillahi/soc-alert-triage-assistant/src/main/java/com/abdillahi/soc/io/AlertLoader.java. Using fallback presentation compiler.
2026.06.02 11:45:50 INFO  no build target found for /Users/abdillahi/soc-alert-triage-assistant/src/main/java/com/abdillahi/soc/io/AlertLoader.java. Using fallback presentation compiler.
2026.06.02 11:45:50 INFO  no build target found for /Users/abdillahi/soc-alert-triage-assistant/src/main/java/com/abdillahi/soc/io/AlertLoader.java. Using fallback presentation compiler.
2026.06.02 11:45:51 INFO  no build target found for /Users/abdillahi/soc-alert-triage-assistant/src/main/java/com/abdillahi/soc/io/AlertLoader.java. Using fallback presentation compiler.
2026.06.02 11:48:17 INFO  no build target found for /Users/abdillahi/soc-alert-triage-assistant/src/main/java/com/abdillahi/soc/io/AlertLoader.java. Using fallback presentation compiler.
2026.06.02 11:48:30 INFO  no build target found for /Users/abdillahi/soc-alert-triage-assistant/src/main/java/com/abdillahi/soc/model/Alert.java. Using fallback presentation compiler.
2026.06.02 11:48:36 WARN  no build target for: /Users/abdillahi/soc-alert-triage-assistant/src/main/java/com/abdillahi/soc/model/Alert.java
2026.06.02 11:48:36 INFO  no build target found for /Users/abdillahi/soc-alert-triage-assistant/src/main/java/com/abdillahi/soc/model/Alert.java. Using fallback presentation compiler.
2026.06.02 11:48:37 INFO  no build target found for /Users/abdillahi/soc-alert-triage-assistant/src/main/java/com/abdillahi/soc/model/Alert.java. Using fallback presentation compiler.
2026.06.02 11:48:37 INFO  no build target found for /Users/abdillahi/soc-alert-triage-assistant/src/main/java/com/abdillahi/soc/model/Alert.java. Using fallback presentation compiler.
2026.06.02 11:48:37 INFO  no build target found for /Users/abdillahi/soc-alert-triage-assistant/src/main/java/com/abdillahi/soc/model/Alert.java. Using fallback presentation compiler.
2026.06.02 11:48:37 INFO  no build target found for /Users/abdillahi/soc-alert-triage-assistant/src/main/java/com/abdillahi/soc/model/Alert.java. Using fallback presentation compiler.
2026.06.02 11:48:38 WARN  no build target for: /Users/abdillahi/soc-alert-triage-assistant/src/main/java/com/abdillahi/soc/model/Alert.java
2026.06.02 11:48:38 INFO  no build target found for /Users/abdillahi/soc-alert-triage-assistant/src/main/java/com/abdillahi/soc/model/Alert.java. Using fallback presentation compiler.
2026.06.02 11:48:45 INFO  no build target found for /Users/abdillahi/soc-alert-triage-assistant/src/main/java/com/abdillahi/soc/model/Alert.java. Using fallback presentation compiler.
2026.06.02 11:48:45 WARN  no build target for: /Users/abdillahi/soc-alert-triage-assistant/src/main/java/com/abdillahi/soc/model/Alert.java
2026.06.02 11:48:46 INFO  no build target found for /Users/abdillahi/soc-alert-triage-assistant/src/main/java/com/abdillahi/soc/model/Alert.java. Using fallback presentation compiler.
2026.06.02 11:48:45 INFO  no build target found for /Users/abdillahi/soc-alert-triage-assistant/src/main/java/com/abdillahi/soc/model/Alert.java. Using fallback presentation compiler.
2026.06.02 11:48:45 INFO  no build target found for /Users/abdillahi/soc-alert-triage-assistant/src/main/java/com/abdillahi/soc/model/Alert.java. Using fallback presentation compiler.
2026.06.02 11:48:52 WARN  no build target for: /Users/abdillahi/soc-alert-triage-assistant/src/main/java/com/abdillahi/soc/App.java
2026.06.02 11:48:52 INFO  no build target found for /Users/abdillahi/soc-alert-triage-assistant/src/main/java/com/abdillahi/soc/App.java. Using fallback presentation compiler.
2026.06.02 11:48:52 INFO  no build target found for /Users/abdillahi/soc-alert-triage-assistant/src/main/java/com/abdillahi/soc/App.java. Using fallback presentation compiler.
2026.06.02 11:48:52 INFO  no build target found for /Users/abdillahi/soc-alert-triage-assistant/src/main/java/com/abdillahi/soc/App.java. Using fallback presentation compiler.
2026.06.02 11:48:52 INFO  no build target found for /Users/abdillahi/soc-alert-triage-assistant/src/main/java/com/abdillahi/soc/App.java. Using fallback presentation compiler.
2026.06.02 11:48:54 WARN  no build target for: /Users/abdillahi/soc-alert-triage-assistant/src/main/java/com/abdillahi/soc/model/Alert.java
2026.06.02 11:48:54 INFO  no build target found for /Users/abdillahi/soc-alert-triage-assistant/src/main/java/com/abdillahi/soc/model/Alert.java. Using fallback presentation compiler.
2026.06.02 11:48:54 INFO  no build target found for /Users/abdillahi/soc-alert-triage-assistant/src/main/java/com/abdillahi/soc/model/Alert.java. Using fallback presentation compiler.
2026.06.02 11:48:54 INFO  no build target found for /Users/abdillahi/soc-alert-triage-assistant/src/main/java/com/abdillahi/soc/model/Alert.java. Using fallback presentation compiler.
2026.06.02 11:48:54 INFO  no build target found for /Users/abdillahi/soc-alert-triage-assistant/src/main/java/com/abdillahi/soc/model/Alert.java. Using fallback presentation compiler.
2026.06.02 11:48:57 INFO  no build target found for /Users/abdillahi/soc-alert-triage-assistant/src/main/java/com/abdillahi/soc/model/Alert.java. Using fallback presentation compiler.
2026.06.02 11:48:57 INFO  no build target found for /Users/abdillahi/soc-alert-triage-assistant/src/main/java/com/abdillahi/soc/model/Alert.java. Using fallback presentation compiler.
2026.06.02 11:48:57 INFO  no build target found for /Users/abdillahi/soc-alert-triage-assistant/src/main/java/com/abdillahi/soc/model/Alert.java. Using fallback presentation compiler.
2026.06.02 11:48:57 INFO  no build target found for /Users/abdillahi/soc-alert-triage-assistant/src/main/java/com/abdillahi/soc/model/Alert.java. Using fallback presentation compiler.
2026.06.02 11:48:58 INFO  no build target found for /Users/abdillahi/soc-alert-triage-assistant/src/main/java/com/abdillahi/soc/model/Alert.java. Using fallback presentation compiler.
2026.06.02 11:48:58 INFO  no build target found for /Users/abdillahi/soc-alert-triage-assistant/src/main/java/com/abdillahi/soc/model/Alert.java. Using fallback presentation compiler.
2026.06.02 11:48:58 INFO  no build target found for /Users/abdillahi/soc-alert-triage-assistant/src/main/java/com/abdillahi/soc/model/Alert.java. Using fallback presentation compiler.
2026.06.02 11:48:59 INFO  no build target found for /Users/abdillahi/soc-alert-triage-assistant/src/main/java/com/abdillahi/soc/model/Alert.java. Using fallback presentation compiler.
2026.06.02 11:48:59 INFO  no build target found for /Users/abdillahi/soc-alert-triage-assistant/src/main/java/com/abdillahi/soc/model/Alert.java. Using fallback presentation compiler.
2026.06.02 11:48:59 INFO  no build target found for /Users/abdillahi/soc-alert-triage-assistant/src/main/java/com/abdillahi/soc/model/Alert.java. Using fallback presentation compiler.
2026.06.02 11:49:00 INFO  no build target found for /Users/abdillahi/soc-alert-triage-assistant/src/main/java/com/abdillahi/soc/model/Alert.java. Using fallback presentation compiler.
2026.06.02 11:48:59 INFO  no build target found for /Users/abdillahi/soc-alert-triage-assistant/src/main/java/com/abdillahi/soc/model/Alert.java. Using fallback presentation compiler.
2026.06.02 11:49:01 INFO  no build target found for /Users/abdillahi/soc-alert-triage-assistant/src/main/java/com/abdillahi/soc/model/Alert.java. Using fallback presentation compiler.
2026.06.02 11:49:02 WARN  no build target for: /Users/abdillahi/soc-alert-triage-assistant/src/main/java/com/abdillahi/soc/model/Alert.java
2026.06.02 11:49:02 INFO  no build target found for /Users/abdillahi/soc-alert-triage-assistant/src/main/java/com/abdillahi/soc/model/Alert.java. Using fallback presentation compiler.
2026.06.02 11:49:04 INFO  no build target found for /Users/abdillahi/soc-alert-triage-assistant/src/main/java/com/abdillahi/soc/model/Alert.java. Using fallback presentation compiler.
2026.06.02 11:49:04 INFO  no build target found for /Users/abdillahi/soc-alert-triage-assistant/src/main/java/com/abdillahi/soc/model/Alert.java. Using fallback presentation compiler.
2026.06.02 11:49:06 INFO  no build target found for /Users/abdillahi/soc-alert-triage-assistant/src/main/java/com/abdillahi/soc/model/Alert.java. Using fallback presentation compiler.
2026.06.02 11:49:06 INFO  no build target found for /Users/abdillahi/soc-alert-triage-assistant/src/main/java/com/abdillahi/soc/model/Alert.java. Using fallback presentation compiler.
Jun 02, 2026 11:49:06 AM org.eclipse.lsp4j.jsonrpc.RemoteEndpoint handleCancellation
WARNING: Unmatched cancel notification for request id 287
2026.06.02 11:49:06 INFO  no build target found for /Users/abdillahi/soc-alert-triage-assistant/src/main/java/com/abdillahi/soc/model/Alert.java. Using fallback presentation compiler.
2026.06.02 11:49:07 INFO  no build target found for /Users/abdillahi/soc-alert-triage-assistant/src/main/java/com/abdillahi/soc/model/Alert.java. Using fallback presentation compiler.
2026.06.02 11:49:07 INFO  no build target found for /Users/abdillahi/soc-alert-triage-assistant/src/main/java/com/abdillahi/soc/model/Alert.java. Using fallback presentation compiler.
2026.06.02 11:49:09 INFO  no build target found for /Users/abdillahi/soc-alert-triage-assistant/src/main/java/com/abdillahi/soc/model/Alert.java. Using fallback presentation compiler.
2026.06.02 11:49:09 INFO  no build target found for /Users/abdillahi/soc-alert-triage-assistant/src/main/java/com/abdillahi/soc/model/Alert.java. Using fallback presentation compiler.
2026.06.02 11:49:09 INFO  no build target found for /Users/abdillahi/soc-alert-triage-assistant/src/main/java/com/abdillahi/soc/model/Alert.java. Using fallback presentation compiler.
2026.06.02 11:49:09 INFO  no build target found for /Users/abdillahi/soc-alert-triage-assistant/src/main/java/com/abdillahi/soc/model/Alert.java. Using fallback presentation compiler.
2026.06.02 11:49:11 INFO  no build target found for /Users/abdillahi/soc-alert-triage-assistant/src/main/java/com/abdillahi/soc/model/Alert.java. Using fallback presentation compiler.
2026.06.02 11:49:11 INFO  no build target found for /Users/abdillahi/soc-alert-triage-assistant/src/main/java/com/abdillahi/soc/model/Alert.java. Using fallback presentation compiler.
2026.06.02 11:49:11 INFO  no build target found for /Users/abdillahi/soc-alert-triage-assistant/src/main/java/com/abdillahi/soc/model/Alert.java. Using fallback presentation compiler.
2026.06.02 11:49:11 INFO  no build target found for /Users/abdillahi/soc-alert-triage-assistant/src/main/java/com/abdillahi/soc/model/Alert.java. Using fallback presentation compiler.
2026.06.02 11:49:11 WARN  no build target for: /Users/abdillahi/soc-alert-triage-assistant/src/main/java/com/abdillahi/soc/model/Alert.java
2026.06.02 11:49:11 INFO  no build target found for /Users/abdillahi/soc-alert-triage-assistant/src/main/java/com/abdillahi/soc/model/Alert.java. Using fallback presentation compiler.
2026.06.02 11:49:20 INFO  no build target found for /Users/abdillahi/soc-alert-triage-assistant/src/main/java/com/abdillahi/soc/model/Alert.java. Using fallback presentation compiler.
2026.06.02 11:49:21 INFO  no build target found for /Users/abdillahi/soc-alert-triage-assistant/src/main/java/com/abdillahi/soc/model/Alert.java. Using fallback presentation compiler.
2026.06.02 11:49:23 INFO  no build target found for /Users/abdillahi/soc-alert-triage-assistant/src/main/java/com/abdillahi/soc/model/Alert.java. Using fallback presentation compiler.
2026.06.02 11:49:23 INFO  no build target found for /Users/abdillahi/soc-alert-triage-assistant/src/main/java/com/abdillahi/soc/model/Alert.java. Using fallback presentation compiler.
2026.06.02 11:49:23 INFO  no build target found for /Users/abdillahi/soc-alert-triage-assistant/src/main/java/com/abdillahi/soc/model/Alert.java. Using fallback presentation compiler.
2026.06.02 11:49:23 INFO  no build target found for /Users/abdillahi/soc-alert-triage-assistant/src/main/java/com/abdillahi/soc/model/Alert.java. Using fallback presentation compiler.
2026.06.02 11:49:23 WARN  no build target for: /Users/abdillahi/soc-alert-triage-assistant/src/main/java/com/abdillahi/soc/model/Alert.java
2026.06.02 11:49:23 INFO  no build target found for /Users/abdillahi/soc-alert-triage-assistant/src/main/java/com/abdillahi/soc/model/Alert.java. Using fallback presentation compiler.
2026.06.02 11:49:25 INFO  no build target found for /Users/abdillahi/soc-alert-triage-assistant/src/main/java/com/abdillahi/soc/model/Alert.java. Using fallback presentation compiler.
2026.06.02 11:49:25 INFO  no build target found for /Users/abdillahi/soc-alert-triage-assistant/src/main/java/com/abdillahi/soc/model/Alert.java. Using fallback presentation compiler.
2026.06.02 11:49:25 INFO  no build target found for /Users/abdillahi/soc-alert-triage-assistant/src/main/java/com/abdillahi/soc/model/Alert.java. Using fallback presentation compiler.
2026.06.02 11:49:25 INFO  no build target found for /Users/abdillahi/soc-alert-triage-assistant/src/main/java/com/abdillahi/soc/model/Alert.java. Using fallback presentation compiler.
2026.06.02 11:49:25 INFO  no build target found for /Users/abdillahi/soc-alert-triage-assistant/src/main/java/com/abdillahi/soc/model/Alert.java. Using fallback presentation compiler.
2026.06.02 11:49:26 INFO  no build target found for /Users/abdillahi/soc-alert-triage-assistant/src/main/java/com/abdillahi/soc/model/Alert.java. Using fallback presentation compiler.
2026.06.02 11:49:31 INFO  no build target found for /Users/abdillahi/soc-alert-triage-assistant/src/main/java/com/abdillahi/soc/model/Alert.java. Using fallback presentation compiler.
2026.06.02 11:49:31 INFO  no build target found for /Users/abdillahi/soc-alert-triage-assistant/src/main/java/com/abdillahi/soc/model/Alert.java. Using fallback presentation compiler.
2026.06.02 11:49:32 INFO  no build target found for /Users/abdillahi/soc-alert-triage-assistant/src/main/java/com/abdillahi/soc/model/Alert.java. Using fallback presentation compiler.
2026.06.02 11:49:31 INFO  no build target found for /Users/abdillahi/soc-alert-triage-assistant/src/main/java/com/abdillahi/soc/model/Alert.java. Using fallback presentation compiler.
2026.06.02 11:49:39 WARN  no build target for: /Users/abdillahi/soc-alert-triage-assistant/src/main/java/com/abdillahi/soc/io/AlertLoader.java
2026.06.02 11:49:39 INFO  no build target found for /Users/abdillahi/soc-alert-triage-assistant/src/main/java/com/abdillahi/soc/io/AlertLoader.java. Using fallback presentation compiler.
2026.06.02 11:49:39 INFO  no build target found for /Users/abdillahi/soc-alert-triage-assistant/src/main/java/com/abdillahi/soc/io/AlertLoader.java. Using fallback presentation compiler.
2026.06.02 11:49:39 INFO  no build target found for /Users/abdillahi/soc-alert-triage-assistant/src/main/java/com/abdillahi/soc/io/AlertLoader.java. Using fallback presentation compiler.
2026.06.02 11:49:39 INFO  no build target found for /Users/abdillahi/soc-alert-triage-assistant/src/main/java/com/abdillahi/soc/io/AlertLoader.java. Using fallback presentation compiler.
2026.06.02 11:49:43 WARN  no build target for: /Users/abdillahi/soc-alert-triage-assistant/src/main/java/com/abdillahi/soc/App.java
2026.06.02 11:49:43 INFO  no build target found for /Users/abdillahi/soc-alert-triage-assistant/src/main/java/com/abdillahi/soc/App.java. Using fallback presentation compiler.
2026.06.02 11:49:43 INFO  no build target found for /Users/abdillahi/soc-alert-triage-assistant/src/main/java/com/abdillahi/soc/App.java. Using fallback presentation compiler.
2026.06.02 11:49:43 INFO  no build target found for /Users/abdillahi/soc-alert-triage-assistant/src/main/java/com/abdillahi/soc/App.java. Using fallback presentation compiler.
2026.06.02 11:49:43 INFO  no build target found for /Users/abdillahi/soc-alert-triage-assistant/src/main/java/com/abdillahi/soc/App.java. Using fallback presentation compiler.
2026.06.02 11:50:49 WARN  no build target for: /Users/abdillahi/soc-alert-triage-assistant/src/main/java/com/abdillahi/soc/io/AlertLoader.java
2026.06.02 11:50:49 INFO  no build target found for /Users/abdillahi/soc-alert-triage-assistant/src/main/java/com/abdillahi/soc/io/AlertLoader.java. Using fallback presentation compiler.
2026.06.02 11:50:49 INFO  no build target found for /Users/abdillahi/soc-alert-triage-assistant/src/main/java/com/abdillahi/soc/io/AlertLoader.java. Using fallback presentation compiler.
2026.06.02 11:50:49 INFO  no build target found for /Users/abdillahi/soc-alert-triage-assistant/src/main/java/com/abdillahi/soc/io/AlertLoader.java. Using fallback presentation compiler.
2026.06.02 11:50:49 INFO  no build target found for /Users/abdillahi/soc-alert-triage-assistant/src/main/java/com/abdillahi/soc/io/AlertLoader.java. Using fallback presentation compiler.
2026.06.02 11:50:49 INFO  no build target found for /Users/abdillahi/soc-alert-triage-assistant/src/main/java/com/abdillahi/soc/io/AlertLoader.java. Using fallback presentation compiler.
2026.06.02 11:50:49 INFO  no build target found for /Users/abdillahi/soc-alert-triage-assistant/src/main/java/com/abdillahi/soc/io/AlertLoader.java. Using fallback presentation compiler.
Jun 02, 2026 11:50:50 AM org.eclipse.lsp4j.jsonrpc.RemoteEndpoint handleCancellation
WARNING: Unmatched cancel notification for request id 354
2026.06.02 11:50:50 INFO  no build target found for /Users/abdillahi/soc-alert-triage-assistant/src/main/java/com/abdillahi/soc/io/AlertLoader.java. Using fallback presentation compiler.
2026.06.02 11:50:50 INFO  no build target found for /Users/abdillahi/soc-alert-triage-assistant/src/main/java/com/abdillahi/soc/io/AlertLoader.java. Using fallback presentation compiler.
2026.06.02 11:50:51 INFO  no build target found for /Users/abdillahi/soc-alert-triage-assistant/src/main/java/com/abdillahi/soc/io/AlertLoader.java. Using fallback presentation compiler.
2026.06.02 11:50:51 WARN  no build target for: /Users/abdillahi/soc-alert-triage-assistant/src/main/java/com/abdillahi/soc/io/AlertLoader.java
2026.06.02 11:50:51 INFO  no build target found for /Users/abdillahi/soc-alert-triage-assistant/src/main/java/com/abdillahi/soc/io/AlertLoader.java. Using fallback presentation compiler.
2026.06.02 11:50:52 INFO  no build target found for /Users/abdillahi/soc-alert-triage-assistant/src/main/java/com/abdillahi/soc/io/AlertLoader.java. Using fallback presentation compiler.
2026.06.02 11:50:52 INFO  no build target found for /Users/abdillahi/soc-alert-triage-assistant/src/main/java/com/abdillahi/soc/io/AlertLoader.java. Using fallback presentation compiler.
2026.06.02 11:50:52 INFO  no build target found for /Users/abdillahi/soc-alert-triage-assistant/src/main/java/com/abdillahi/soc/io/AlertLoader.java. Using fallback presentation compiler.
2026.06.02 11:50:53 INFO  no build target found for /Users/abdillahi/soc-alert-triage-assistant/src/main/java/com/abdillahi/soc/io/AlertLoader.java. Using fallback presentation compiler.
2026.06.02 11:50:53 INFO  no build target found for /Users/abdillahi/soc-alert-triage-assistant/src/main/java/com/abdillahi/soc/io/AlertLoader.java. Using fallback presentation compiler.
2026.06.02 11:50:55 INFO  no build target found for /Users/abdillahi/soc-alert-triage-assistant/src/main/java/com/abdillahi/soc/io/AlertLoader.java. Using fallback presentation compiler.
2026.06.02 11:50:55 INFO  no build target found for /Users/abdillahi/soc-alert-triage-assistant/src/main/java/com/abdillahi/soc/io/AlertLoader.java. Using fallback presentation compiler.
2026.06.02 11:50:56 INFO  no build target found for /Users/abdillahi/soc-alert-triage-assistant/src/main/java/com/abdillahi/soc/io/AlertLoader.java. Using fallback presentation compiler.
2026.06.02 11:50:56 INFO  no build target found for /Users/abdillahi/soc-alert-triage-assistant/src/main/java/com/abdillahi/soc/io/AlertLoader.java. Using fallback presentation compiler.
2026.06.02 11:50:56 INFO  no build target found for /Users/abdillahi/soc-alert-triage-assistant/src/main/java/com/abdillahi/soc/io/AlertLoader.java. Using fallback presentation compiler.
2026.06.02 11:50:56 INFO  no build target found for /Users/abdillahi/soc-alert-triage-assistant/src/main/java/com/abdillahi/soc/io/AlertLoader.java. Using fallback presentation compiler.
2026.06.02 11:50:56 INFO  no build target found for /Users/abdillahi/soc-alert-triage-assistant/src/main/java/com/abdillahi/soc/io/AlertLoader.java. Using fallback presentation compiler.
2026.06.02 11:52:09 INFO  no build target found for /Users/abdillahi/soc-alert-triage-assistant/src/main/java/com/abdillahi/soc/io/AlertLoader.java. Using fallback presentation compiler.
Jun 02, 2026 11:52:41 AM org.eclipse.lsp4j.jsonrpc.services.GenericEndpoint notify
INFO: Unsupported notification method: $/setTrace
2026.06.02 11:52:44 INFO  no build target found for /Users/abdillahi/soc-alert-triage-assistant/src/main/java/com/abdillahi/soc/io/AlertLoader.java. Using fallback presentation compiler.
2026.06.02 11:52:44 INFO  no build target found for /Users/abdillahi/soc-alert-triage-assistant/src/main/java/com/abdillahi/soc/io/AlertLoader.java. Using fallback presentation compiler.
2026.06.02 11:52:45 INFO  no build target found for /Users/abdillahi/soc-alert-triage-assistant/src/main/java/com/abdillahi/soc/io/AlertLoader.java. Using fallback presentation compiler.
2026.06.02 11:52:45 INFO  no build target found for /Users/abdillahi/soc-alert-triage-assistant/src/main/java/com/abdillahi/soc/io/AlertLoader.java. Using fallback presentation compiler.
2026.06.02 11:52:45 INFO  no build target found for /Users/abdillahi/soc-alert-triage-assistant/src/main/java/com/abdillahi/soc/io/AlertLoader.java. Using fallback presentation compiler.
2026.06.02 11:52:51 INFO  no build target found for /Users/abdillahi/soc-alert-triage-assistant/src/main/java/com/abdillahi/soc/io/AlertLoader.java. Using fallback presentation compiler.
2026.06.02 11:52:51 INFO  no build target found for /Users/abdillahi/soc-alert-triage-assistant/src/main/java/com/abdillahi/soc/io/AlertLoader.java. Using fallback presentation compiler.
2026.06.02 11:53:01 WARN  no build target for: /Users/abdillahi/soc-alert-triage-assistant/src/main/java/com/abdillahi/soc/model/Alert.java
2026.06.02 11:53:01 INFO  no build target found for /Users/abdillahi/soc-alert-triage-assistant/src/main/java/com/abdillahi/soc/model/Alert.java. Using fallback presentation compiler.
2026.06.02 11:53:01 INFO  no build target found for /Users/abdillahi/soc-alert-triage-assistant/src/main/java/com/abdillahi/soc/model/Alert.java. Using fallback presentation compiler.
2026.06.02 11:53:01 INFO  no build target found for /Users/abdillahi/soc-alert-triage-assistant/src/main/java/com/abdillahi/soc/model/Alert.java. Using fallback presentation compiler.
2026.06.02 11:53:04 INFO  no build target found for /Users/abdillahi/soc-alert-triage-assistant/src/main/java/com/abdillahi/soc/io/AlertLoader.java. Using fallback presentation compiler.
2026.06.02 11:53:04 WARN  no build target for: /Users/abdillahi/soc-alert-triage-assistant/src/main/java/com/abdillahi/soc/io/AlertLoader.java
2026.06.02 11:53:04 INFO  no build target found for /Users/abdillahi/soc-alert-triage-assistant/src/main/java/com/abdillahi/soc/io/AlertLoader.java. Using fallback presentation compiler.
2026.06.02 11:53:05 INFO  no build target found for /Users/abdillahi/soc-alert-triage-assistant/src/main/java/com/abdillahi/soc/io/AlertLoader.java. Using fallback presentation compiler.
2026.06.02 11:53:05 INFO  no build target found for /Users/abdillahi/soc-alert-triage-assistant/src/main/java/com/abdillahi/soc/io/AlertLoader.java. Using fallback presentation compiler.
2026.06.02 11:53:05 INFO  no build target found for /Users/abdillahi/soc-alert-triage-assistant/src/main/java/com/abdillahi/soc/io/AlertLoader.java. Using fallback presentation compiler.
2026.06.02 11:53:07 INFO  no build target found for /Users/abdillahi/soc-alert-triage-assistant/src/main/java/com/abdillahi/soc/io/AlertLoader.java. Using fallback presentation compiler.
2026.06.02 11:53:07 INFO  no build target found for /Users/abdillahi/soc-alert-triage-assistant/src/main/java/com/abdillahi/soc/io/AlertLoader.java. Using fallback presentation compiler.
2026.06.02 11:53:09 INFO  no build target found for /Users/abdillahi/soc-alert-triage-assistant/src/main/java/com/abdillahi/soc/io/AlertLoader.java. Using fallback presentation compiler.
2026.06.02 11:53:09 INFO  no build target found for /Users/abdillahi/soc-alert-triage-assistant/src/main/java/com/abdillahi/soc/io/AlertLoader.java. Using fallback presentation compiler.
2026.06.02 11:53:09 INFO  no build target found for /Users/abdillahi/soc-alert-triage-assistant/src/main/java/com/abdillahi/soc/io/AlertLoader.java. Using fallback presentation compiler.
2026.06.02 11:53:12 INFO  no build target found for /Users/abdillahi/soc-alert-triage-assistant/src/main/java/com/abdillahi/soc/io/AlertLoader.java. Using fallback presentation compiler.
2026.06.02 11:53:12 INFO  no build target found for /Users/abdillahi/soc-alert-triage-assistant/src/main/java/com/abdillahi/soc/io/AlertLoader.java. Using fallback presentation compiler.
2026.06.02 11:53:12 INFO  no build target found for /Users/abdillahi/soc-alert-triage-assistant/src/main/java/com/abdillahi/soc/io/AlertLoader.java. Using fallback presentation compiler.
2026.06.02 11:53:12 INFO  no build target found for /Users/abdillahi/soc-alert-triage-assistant/src/main/java/com/abdillahi/soc/io/AlertLoader.java. Using fallback presentation compiler.
2026.06.02 11:53:14 INFO  no build target found for /Users/abdillahi/soc-alert-triage-assistant/src/main/java/com/abdillahi/soc/io/AlertLoader.java. Using fallback presentation compiler.
2026.06.02 11:53:14 INFO  no build target found for /Users/abdillahi/soc-alert-triage-assistant/src/main/java/com/abdillahi/soc/io/AlertLoader.java. Using fallback presentation compiler.
2026.06.02 11:53:16 INFO  no build target found for /Users/abdillahi/soc-alert-triage-assistant/src/main/java/com/abdillahi/soc/io/AlertLoader.java. Using fallback presentation compiler.
2026.06.02 11:53:17 INFO  no build target found for /Users/abdillahi/soc-alert-triage-assistant/src/main/java/com/abdillahi/soc/io/AlertLoader.java. Using fallback presentation compiler.
2026.06.02 11:53:16 INFO  no build target found for /Users/abdillahi/soc-alert-triage-assistant/src/main/java/com/abdillahi/soc/io/AlertLoader.java. Using fallback presentation compiler.
2026.06.02 11:53:43 INFO  no build target found for /Users/abdillahi/soc-alert-triage-assistant/src/main/java/com/abdillahi/soc/io/AlertLoader.java. Using fallback presentation compiler.
2026.06.02 11:56:27 WARN  no build target for: /Users/abdillahi/soc-alert-triage-assistant/src/main/java/com/abdillahi/soc/io/AlertLoader.java
2026.06.02 11:56:27 INFO  no build target found for /Users/abdillahi/soc-alert-triage-assistant/src/main/java/com/abdillahi/soc/io/AlertLoader.java. Using fallback presentation compiler.
2026.06.02 11:56:27 INFO  no build target found for /Users/abdillahi/soc-alert-triage-assistant/src/main/java/com/abdillahi/soc/io/AlertLoader.java. Using fallback presentation compiler.
2026.06.02 11:56:27 INFO  no build target found for /Users/abdillahi/soc-alert-triage-assistant/src/main/java/com/abdillahi/soc/io/AlertLoader.java. Using fallback presentation compiler.
2026.06.02 11:56:27 INFO  no build target found for /Users/abdillahi/soc-alert-triage-assistant/src/main/java/com/abdillahi/soc/io/AlertLoader.java. Using fallback presentation compiler.
2026.06.02 11:57:32 INFO  no build target found for /Users/abdillahi/soc-alert-triage-assistant/src/main/java/com/abdillahi/soc/io/AlertLoader.java. Using fallback presentation compiler.
2026.06.02 11:57:32 INFO  no build target found for /Users/abdillahi/soc-alert-triage-assistant/src/main/java/com/abdillahi/soc/App.java. Using fallback presentation compiler.
2026.06.02 11:57:33 WARN  no build target for: /Users/abdillahi/soc-alert-triage-assistant/src/main/java/com/abdillahi/soc/App.java
2026.06.02 11:57:33 INFO  no build target found for /Users/abdillahi/soc-alert-triage-assistant/src/main/java/com/abdillahi/soc/App.java. Using fallback presentation compiler.
2026.06.02 11:57:33 INFO  no build target found for /Users/abdillahi/soc-alert-triage-assistant/src/main/java/com/abdillahi/soc/App.java. Using fallback presentation compiler.
2026.06.02 11:57:33 INFO  no build target found for /Users/abdillahi/soc-alert-triage-assistant/src/main/java/com/abdillahi/soc/App.java. Using fallback presentation compiler.
2026.06.02 11:57:34 INFO  no build target found for /Users/abdillahi/soc-alert-triage-assistant/src/main/java/com/abdillahi/soc/App.java. Using fallback presentation compiler.
2026.06.02 11:57:34 INFO  no build target found for /Users/abdillahi/soc-alert-triage-assistant/src/main/java/com/abdillahi/soc/App.java. Using fallback presentation compiler.
2026.06.02 11:57:34 INFO  no build target found for /Users/abdillahi/soc-alert-triage-assistant/src/main/java/com/abdillahi/soc/App.java. Using fallback presentation compiler.
2026.06.02 11:57:34 INFO  no build target found for /Users/abdillahi/soc-alert-triage-assistant/src/main/java/com/abdillahi/soc/App.java. Using fallback presentation compiler.
2026.06.02 11:57:34 INFO  no build target found for /Users/abdillahi/soc-alert-triage-assistant/src/main/java/com/abdillahi/soc/App.java. Using fallback presentation compiler.
2026.06.02 11:57:34 INFO  no build target found for /Users/abdillahi/soc-alert-triage-assistant/src/main/java/com/abdillahi/soc/App.java. Using fallback presentation compiler.
2026.06.02 11:57:36 WARN  no build target for: /Users/abdillahi/soc-alert-triage-assistant/src/main/java/com/abdillahi/soc/App.java
2026.06.02 11:57:36 INFO  no build target found for /Users/abdillahi/soc-alert-triage-assistant/src/main/java/com/abdillahi/soc/App.java. Using fallback presentation compiler.
2026.06.02 11:57:49 INFO  no build target found for /Users/abdillahi/soc-alert-triage-assistant/src/main/java/com/abdillahi/soc/App.java. Using fallback presentation compiler.
2026.06.02 11:57:49 INFO  no build target found for /Users/abdillahi/soc-alert-triage-assistant/src/main/java/com/abdillahi/soc/App.java. Using fallback presentation compiler.
2026.06.02 11:57:50 INFO  no build target found for /Users/abdillahi/soc-alert-triage-assistant/src/main/java/com/abdillahi/soc/App.java. Using fallback presentation compiler.
2026.06.02 11:57:52 INFO  no build target found for /Users/abdillahi/soc-alert-triage-assistant/src/main/java/com/abdillahi/soc/App.java. Using fallback presentation compiler.
2026.06.02 11:57:52 INFO  no build target found for /Users/abdillahi/soc-alert-triage-assistant/src/main/java/com/abdillahi/soc/App.java. Using fallback presentation compiler.
2026.06.02 11:57:52 INFO  no build target found for /Users/abdillahi/soc-alert-triage-assistant/src/main/java/com/abdillahi/soc/App.java. Using fallback presentation compiler.
2026.06.02 11:57:55 INFO  no build target found for /Users/abdillahi/soc-alert-triage-assistant/src/main/java/com/abdillahi/soc/App.java. Using fallback presentation compiler.
2026.06.02 11:57:55 INFO  no build target found for /Users/abdillahi/soc-alert-triage-assistant/src/main/java/com/abdillahi/soc/App.java. Using fallback presentation compiler.
2026.06.02 11:57:56 WARN  no build target for: /Users/abdillahi/soc-alert-triage-assistant/src/main/java/com/abdillahi/soc/App.java
2026.06.02 11:57:56 INFO  no build target found for /Users/abdillahi/soc-alert-triage-assistant/src/main/java/com/abdillahi/soc/App.java. Using fallback presentation compiler.
2026.06.02 11:57:57 INFO  no build target found for /Users/abdillahi/soc-alert-triage-assistant/src/main/java/com/abdillahi/soc/App.java. Using fallback presentation compiler.
2026.06.02 11:57:57 INFO  no build target found for /Users/abdillahi/soc-alert-triage-assistant/src/main/java/com/abdillahi/soc/App.java. Using fallback presentation compiler.
2026.06.02 11:57:57 INFO  no build target found for /Users/abdillahi/soc-alert-triage-assistant/src/main/java/com/abdillahi/soc/App.java. Using fallback presentation compiler.
2026.06.02 11:57:58 INFO  no build target found for /Users/abdillahi/soc-alert-triage-assistant/src/main/java/com/abdillahi/soc/App.java. Using fallback presentation compiler.
2026.06.02 11:58:26 INFO  no build target found for /Users/abdillahi/soc-alert-triage-assistant/src/main/java/com/abdillahi/soc/App.java. Using fallback presentation compiler.
2026.06.02 11:58:26 INFO  no build target found for /Users/abdillahi/soc-alert-triage-assistant/src/main/java/com/abdillahi/soc/App.java. Using fallback presentation compiler.
2026.06.02 12:00:57 INFO  no build target found for /Users/abdillahi/soc-alert-triage-assistant/src/main/java/com/abdillahi/soc/App.java. Using fallback presentation compiler.
2026.06.02 12:00:59 INFO  no build target found for /Users/abdillahi/soc-alert-triage-assistant/src/main/java/com/abdillahi/soc/App.java. Using fallback presentation compiler.
2026.06.02 12:00:59 INFO  no build target found for /Users/abdillahi/soc-alert-triage-assistant/src/main/java/com/abdillahi/soc/App.java. Using fallback presentation compiler.
2026.06.02 12:01:00 INFO  no build target found for /Users/abdillahi/soc-alert-triage-assistant/src/main/java/com/abdillahi/soc/App.java. Using fallback presentation compiler.
2026.06.02 12:00:59 INFO  no build target found for /Users/abdillahi/soc-alert-triage-assistant/src/main/java/com/abdillahi/soc/App.java. Using fallback presentation compiler.
2026.06.02 12:01:00 WARN  no build target for: /Users/abdillahi/soc-alert-triage-assistant/src/main/java/com/abdillahi/soc/App.java
2026.06.02 12:01:00 INFO  no build target found for /Users/abdillahi/soc-alert-triage-assistant/src/main/java/com/abdillahi/soc/App.java. Using fallback presentation compiler.
2026.06.02 12:01:00 INFO  no build target found for /Users/abdillahi/soc-alert-triage-assistant/src/main/java/com/abdillahi/soc/App.java. Using fallback presentation compiler.
2026.06.02 12:01:00 INFO  no build target found for /Users/abdillahi/soc-alert-triage-assistant/src/main/java/com/abdillahi/soc/App.java. Using fallback presentation compiler.
2026.06.02 12:01:02 INFO  no build target found for /Users/abdillahi/soc-alert-triage-assistant/src/main/java/com/abdillahi/soc/App.java. Using fallback presentation compiler.
2026.06.02 12:01:02 INFO  no build target found for /Users/abdillahi/soc-alert-triage-assistant/src/main/java/com/abdillahi/soc/App.java. Using fallback presentation compiler.
2026.06.02 12:01:03 INFO  no build target found for /Users/abdillahi/soc-alert-triage-assistant/src/main/java/com/abdillahi/soc/App.java. Using fallback presentation compiler.
2026.06.02 12:01:03 INFO  no build target found for /Users/abdillahi/soc-alert-triage-assistant/src/main/java/com/abdillahi/soc/App.java. Using fallback presentation compiler.
2026.06.02 12:02:03 INFO  no build target found for /Users/abdillahi/soc-alert-triage-assistant/src/main/java/com/abdillahi/soc/App.java. Using fallback presentation compiler.
2026.06.02 12:02:24 INFO  no build target found for /Users/abdillahi/soc-alert-triage-assistant/src/main/java/com/abdillahi/soc/triage/AlertScorer.java. Using fallback presentation compiler.
2026.06.02 12:02:25 INFO  no build target found for /Users/abdillahi/soc-alert-triage-assistant/src/main/java/com/abdillahi/soc/triage/AlertScorer.java. Using fallback presentation compiler.
2026.06.02 12:02:25 INFO  no build target found for /Users/abdillahi/soc-alert-triage-assistant/src/main/java/com/abdillahi/soc/triage/AlertScorer.java. Using fallback presentation compiler.
2026.06.02 12:02:25 INFO  no build target found for /Users/abdillahi/soc-alert-triage-assistant/src/main/java/com/abdillahi/soc/triage/AlertScorer.java. Using fallback presentation compiler.
2026.06.02 12:02:25 WARN  no build target for: /Users/abdillahi/soc-alert-triage-assistant/src/main/java/com/abdillahi/soc/triage/AlertScorer.java
2026.06.02 12:02:25 INFO  no build target found for /Users/abdillahi/soc-alert-triage-assistant/src/main/java/com/abdillahi/soc/triage/AlertScorer.java. Using fallback presentation compiler.
2026.06.02 12:02:25 INFO  no build target found for /Users/abdillahi/soc-alert-triage-assistant/src/main/java/com/abdillahi/soc/triage/AlertScorer.java. Using fallback presentation compiler.
2026.06.02 12:02:30 INFO  no build target found for /Users/abdillahi/soc-alert-triage-assistant/src/main/java/com/abdillahi/soc/triage/AlertScorer.java. Using fallback presentation compiler.
2026.06.02 12:02:30 INFO  no build target found for /Users/abdillahi/soc-alert-triage-assistant/src/main/java/com/abdillahi/soc/triage/AlertScorer.java. Using fallback presentation compiler.
2026.06.02 12:02:32 INFO  no build target found for /Users/abdillahi/soc-alert-triage-assistant/src/main/java/com/abdillahi/soc/triage/AlertScorer.java. Using fallback presentation compiler.
2026.06.02 12:02:32 WARN  no build target for: /Users/abdillahi/soc-alert-triage-assistant/src/main/java/com/abdillahi/soc/triage/AlertScorer.java
2026.06.02 12:02:32 INFO  no build target found for /Users/abdillahi/soc-alert-triage-assistant/src/main/java/com/abdillahi/soc/triage/AlertScorer.java. Using fallback presentation compiler.
2026.06.02 12:02:32 INFO  no build target found for /Users/abdillahi/soc-alert-triage-assistant/src/main/java/com/abdillahi/soc/triage/AlertScorer.java. Using fallback presentation compiler.
2026.06.02 12:03:40 INFO  no build target found for /Users/abdillahi/soc-alert-triage-assistant/src/main/java/com/abdillahi/soc/triage/Incident.java. Using fallback presentation compiler.
2026.06.02 12:03:46 INFO  no build target found for /Users/abdillahi/soc-alert-triage-assistant/src/main/java/com/abdillahi/soc/triage/Incident.java. Using fallback presentation compiler.
2026.06.02 12:03:46 INFO  no build target found for /Users/abdillahi/soc-alert-triage-assistant/src/main/java/com/abdillahi/soc/triage/Incident.java. Using fallback presentation compiler.
2026.06.02 12:03:46 INFO  no build target found for /Users/abdillahi/soc-alert-triage-assistant/src/main/java/com/abdillahi/soc/triage/Incident.java. Using fallback presentation compiler.
2026.06.02 12:03:47 WARN  no build target for: /Users/abdillahi/soc-alert-triage-assistant/src/main/java/com/abdillahi/soc/triage/Incident.java
2026.06.02 12:03:47 INFO  no build target found for /Users/abdillahi/soc-alert-triage-assistant/src/main/java/com/abdillahi/soc/triage/Incident.java. Using fallback presentation compiler.
2026.06.02 12:03:46 INFO  no build target found for /Users/abdillahi/soc-alert-triage-assistant/src/main/java/com/abdillahi/soc/triage/Incident.java. Using fallback presentation compiler.
2026.06.02 12:03:49 INFO  no build target found for /Users/abdillahi/soc-alert-triage-assistant/src/main/java/com/abdillahi/soc/triage/Incident.java. Using fallback presentation compiler.
2026.06.02 12:03:52 INFO  no build target found for /Users/abdillahi/soc-alert-triage-assistant/src/main/java/com/abdillahi/soc/triage/Incident.java. Using fallback presentation compiler.
2026.06.02 12:03:54 INFO  no build target found for /Users/abdillahi/soc-alert-triage-assistant/src/main/java/com/abdillahi/soc/triage/Incident.java. Using fallback presentation compiler.
2026.06.02 12:04:11 INFO  no build target found for /Users/abdillahi/soc-alert-triage-assistant/src/main/java/com/abdillahi/soc/triage/IncidentGrouper.java. Using fallback presentation compiler.
2026.06.02 12:04:12 INFO  no build target found for /Users/abdillahi/soc-alert-triage-assistant/src/main/java/com/abdillahi/soc/triage/IncidentGrouper.java. Using fallback presentation compiler.
2026.06.02 12:04:12 INFO  no build target found for /Users/abdillahi/soc-alert-triage-assistant/src/main/java/com/abdillahi/soc/triage/IncidentGrouper.java. Using fallback presentation compiler.
2026.06.02 12:04:12 INFO  no build target found for /Users/abdillahi/soc-alert-triage-assistant/src/main/java/com/abdillahi/soc/triage/IncidentGrouper.java. Using fallback presentation compiler.
2026.06.02 12:04:13 WARN  no build target for: /Users/abdillahi/soc-alert-triage-assistant/src/main/java/com/abdillahi/soc/triage/IncidentGrouper.java
2026.06.02 12:04:13 INFO  no build target found for /Users/abdillahi/soc-alert-triage-assistant/src/main/java/com/abdillahi/soc/triage/IncidentGrouper.java. Using fallback presentation compiler.
2026.06.02 12:04:13 INFO  no build target found for /Users/abdillahi/soc-alert-triage-assistant/src/main/java/com/abdillahi/soc/triage/IncidentGrouper.java. Using fallback presentation compiler.
2026.06.02 12:04:22 WARN  no build target for: /Users/abdillahi/soc-alert-triage-assistant/src/main/java/com/abdillahi/soc/App.java
2026.06.02 12:04:22 INFO  no build target found for /Users/abdillahi/soc-alert-triage-assistant/src/main/java/com/abdillahi/soc/App.java. Using fallback presentation compiler.
2026.06.02 12:04:22 INFO  no build target found for /Users/abdillahi/soc-alert-triage-assistant/src/main/java/com/abdillahi/soc/App.java. Using fallback presentation compiler.
2026.06.02 12:04:22 INFO  no build target found for /Users/abdillahi/soc-alert-triage-assistant/src/main/java/com/abdillahi/soc/App.java. Using fallback presentation compiler.
2026.06.02 12:04:23 INFO  no build target found for /Users/abdillahi/soc-alert-triage-assistant/src/main/java/com/abdillahi/soc/App.java. Using fallback presentation compiler.
2026.06.02 12:04:23 INFO  no build target found for /Users/abdillahi/soc-alert-triage-assistant/src/main/java/com/abdillahi/soc/App.java. Using fallback presentation compiler.
2026.06.02 12:04:25 INFO  no build target found for /Users/abdillahi/soc-alert-triage-assistant/src/main/java/com/abdillahi/soc/App.java. Using fallback presentation compiler.
2026.06.02 12:04:25 INFO  no build target found for /Users/abdillahi/soc-alert-triage-assistant/src/main/java/com/abdillahi/soc/App.java. Using fallback presentation compiler.
2026.06.02 12:04:25 INFO  no build target found for /Users/abdillahi/soc-alert-triage-assistant/src/main/java/com/abdillahi/soc/App.java. Using fallback presentation compiler.
2026.06.02 12:04:26 WARN  no build target for: /Users/abdillahi/soc-alert-triage-assistant/src/main/java/com/abdillahi/soc/App.java
2026.06.02 12:04:26 INFO  no build target found for /Users/abdillahi/soc-alert-triage-assistant/src/main/java/com/abdillahi/soc/App.java. Using fallback presentation compiler.
2026.06.02 12:04:25 INFO  no build target found for /Users/abdillahi/soc-alert-triage-assistant/src/main/java/com/abdillahi/soc/App.java. Using fallback presentation compiler.
2026.06.02 12:08:32 INFO  no build target found for /Users/abdillahi/soc-alert-triage-assistant/src/main/java/com/abdillahi/soc/triage/DetectionEngine.java. Using fallback presentation compiler.
2026.06.02 12:08:33 INFO  no build target found for /Users/abdillahi/soc-alert-triage-assistant/src/main/java/com/abdillahi/soc/triage/DetectionEngine.java. Using fallback presentation compiler.
2026.06.02 12:08:34 INFO  no build target found for /Users/abdillahi/soc-alert-triage-assistant/src/main/java/com/abdillahi/soc/triage/DetectionEngine.java. Using fallback presentation compiler.
2026.06.02 12:08:33 INFO  no build target found for /Users/abdillahi/soc-alert-triage-assistant/src/main/java/com/abdillahi/soc/triage/DetectionEngine.java. Using fallback presentation compiler.
2026.06.02 12:08:33 INFO  no build target found for /Users/abdillahi/soc-alert-triage-assistant/src/main/java/com/abdillahi/soc/triage/DetectionEngine.java. Using fallback presentation compiler.
2026.06.02 12:08:35 INFO  no build target found for /Users/abdillahi/soc-alert-triage-assistant/src/main/java/com/abdillahi/soc/triage/DetectionEngine.java. Using fallback presentation compiler.
2026.06.02 12:08:35 WARN  Running javac-semanticdb failed for file:///Users/abdillahi/soc-alert-triage-assistant/src/main/java/com/abdillahi/soc/triage/DetectionEngine.java. Output:

2026.06.02 12:08:35 INFO  Created report: Optional[file:///Users/abdillahi/soc-alert-triage-assistant/src/main/java/com/abdillahi/soc/triage/DetectionEngine.java]
2026.06.02 12:08:35 INFO  QDox parse error in file:///Users/abdillahi/soc-alert-triage-assistant/src/main/java/com/abdillahi/soc/triage/DetectionEngine.java (full report at: "/Users/abdillahi/soc-alert-triage-assistant/.metals/.reports/metals-full/2026-06-02/r_qdox-error_12-08-35-352.md")
2026.06.02 12:08:35 INFO  no build target found for /Users/abdillahi/soc-alert-triage-assistant/src/main/java/com/abdillahi/soc/triage/DetectionEngine.java. Using fallback presentation compiler.
2026.06.02 12:08:35 WARN  no build target for: /Users/abdillahi/soc-alert-triage-assistant/src/main/java/com/abdillahi/soc/triage/DetectionEngine.java
2026.06.02 12:08:35 INFO  no build target found for /Users/abdillahi/soc-alert-triage-assistant/src/main/java/com/abdillahi/soc/triage/DetectionEngine.java. Using fallback presentation compiler.
2026.06.02 12:08:35 INFO  no build target found for /Users/abdillahi/soc-alert-triage-assistant/src/main/java/com/abdillahi/soc/triage/DetectionEngine.java. Using fallback presentation compiler.
2026.06.02 12:08:49 INFO  no build target found for /Users/abdillahi/soc-alert-triage-assistant/src/main/java/com/abdillahi/soc/model/Alert.java. Using fallback presentation compiler.
2026.06.02 12:08:49 WARN  no build target for: /Users/abdillahi/soc-alert-triage-assistant/src/main/java/com/abdillahi/soc/model/Alert.java
2026.06.02 12:08:49 INFO  no build target found for /Users/abdillahi/soc-alert-triage-assistant/src/main/java/com/abdillahi/soc/model/Alert.java. Using fallback presentation compiler.
2026.06.02 12:08:49 INFO  no build target found for /Users/abdillahi/soc-alert-triage-assistant/src/main/java/com/abdillahi/soc/model/Alert.java. Using fallback presentation compiler.
2026.06.02 12:08:50 INFO  no build target found for /Users/abdillahi/soc-alert-triage-assistant/src/main/java/com/abdillahi/soc/model/Alert.java. Using fallback presentation compiler.
2026.06.02 12:08:52 WARN  no build target for: /Users/abdillahi/soc-alert-triage-assistant/src/main/java/com/abdillahi/soc/App.java
2026.06.02 12:08:52 INFO  no build target found for /Users/abdillahi/soc-alert-triage-assistant/src/main/java/com/abdillahi/soc/App.java. Using fallback presentation compiler.
2026.06.02 12:08:52 INFO  no build target found for /Users/abdillahi/soc-alert-triage-assistant/src/main/java/com/abdillahi/soc/App.java. Using fallback presentation compiler.
2026.06.02 12:08:52 INFO  no build target found for /Users/abdillahi/soc-alert-triage-assistant/src/main/java/com/abdillahi/soc/App.java. Using fallback presentation compiler.
2026.06.02 12:08:54 INFO  no build target found for /Users/abdillahi/soc-alert-triage-assistant/src/main/java/com/abdillahi/soc/App.java. Using fallback presentation compiler.
2026.06.02 12:08:54 INFO  no build target found for /Users/abdillahi/soc-alert-triage-assistant/src/main/java/com/abdillahi/soc/App.java. Using fallback presentation compiler.
2026.06.02 12:08:56 INFO  no build target found for /Users/abdillahi/soc-alert-triage-assistant/src/main/java/com/abdillahi/soc/App.java. Using fallback presentation compiler.
2026.06.02 12:08:56 INFO  no build target found for /Users/abdillahi/soc-alert-triage-assistant/src/main/java/com/abdillahi/soc/App.java. Using fallback presentation compiler.
2026.06.02 12:08:56 INFO  no build target found for /Users/abdillahi/soc-alert-triage-assistant/src/main/java/com/abdillahi/soc/App.java. Using fallback presentation compiler.
2026.06.02 12:08:56 WARN  no build target for: /Users/abdillahi/soc-alert-triage-assistant/src/main/java/com/abdillahi/soc/App.java
2026.06.02 12:08:56 INFO  no build target found for /Users/abdillahi/soc-alert-triage-assistant/src/main/java/com/abdillahi/soc/App.java. Using fallback presentation compiler.
2026.06.02 12:08:56 INFO  no build target found for /Users/abdillahi/soc-alert-triage-assistant/src/main/java/com/abdillahi/soc/App.java. Using fallback presentation compiler.
2026.06.02 12:08:59 INFO  no build target found for /Users/abdillahi/soc-alert-triage-assistant/src/main/java/com/abdillahi/soc/App.java. Using fallback presentation compiler.
2026.06.02 12:08:59 INFO  no build target found for /Users/abdillahi/soc-alert-triage-assistant/src/main/java/com/abdillahi/soc/App.java. Using fallback presentation compiler.
2026.06.02 12:09:01 INFO  no build target found for /Users/abdillahi/soc-alert-triage-assistant/src/main/java/com/abdillahi/soc/App.java. Using fallback presentation compiler.
2026.06.02 12:09:01 INFO  no build target found for /Users/abdillahi/soc-alert-triage-assistant/src/main/java/com/abdillahi/soc/App.java. Using fallback presentation compiler.
2026.06.02 12:09:03 INFO  no build target found for /Users/abdillahi/soc-alert-triage-assistant/src/main/java/com/abdillahi/soc/App.java. Using fallback presentation compiler.
2026.06.02 12:09:03 INFO  no build target found for /Users/abdillahi/soc-alert-triage-assistant/src/main/java/com/abdillahi/soc/App.java. Using fallback presentation compiler.
2026.06.02 12:09:04 INFO  no build target found for /Users/abdillahi/soc-alert-triage-assistant/src/main/java/com/abdillahi/soc/App.java. Using fallback presentation compiler.
2026.06.02 12:09:03 INFO  no build target found for /Users/abdillahi/soc-alert-triage-assistant/src/main/java/com/abdillahi/soc/App.java. Using fallback presentation compiler.
2026.06.02 12:09:04 INFO  no build target found for /Users/abdillahi/soc-alert-triage-assistant/src/main/java/com/abdillahi/soc/App.java. Using fallback presentation compiler.
2026.06.02 12:09:06 WARN  no build target for: /Users/abdillahi/soc-alert-triage-assistant/src/main/java/com/abdillahi/soc/App.java
2026.06.02 12:09:06 INFO  no build target found for /Users/abdillahi/soc-alert-triage-assistant/src/main/java/com/abdillahi/soc/App.java. Using fallback presentation compiler.
2026.06.02 12:09:06 INFO  no build target found for /Users/abdillahi/soc-alert-triage-assistant/src/main/java/com/abdillahi/soc/App.java. Using fallback presentation compiler.
2026.06.02 12:09:06 INFO  no build target found for /Users/abdillahi/soc-alert-triage-assistant/src/main/java/com/abdillahi/soc/App.java. Using fallback presentation compiler.
2026.06.02 12:09:07 INFO  no build target found for /Users/abdillahi/soc-alert-triage-assistant/src/main/java/com/abdillahi/soc/App.java. Using fallback presentation compiler.
2026.06.02 12:09:07 INFO  no build target found for /Users/abdillahi/soc-alert-triage-assistant/src/main/java/com/abdillahi/soc/App.java. Using fallback presentation compiler.
2026.06.02 12:09:07 INFO  no build target found for /Users/abdillahi/soc-alert-triage-assistant/src/main/java/com/abdillahi/soc/App.java. Using fallback presentation compiler.
2026.06.02 12:09:09 INFO  no build target found for /Users/abdillahi/soc-alert-triage-assistant/src/main/java/com/abdillahi/soc/App.java. Using fallback presentation compiler.
2026.06.02 12:09:09 INFO  no build target found for /Users/abdillahi/soc-alert-triage-assistant/src/main/java/com/abdillahi/soc/App.java. Using fallback presentation compiler.
2026.06.02 12:09:09 INFO  no build target found for /Users/abdillahi/soc-alert-triage-assistant/src/main/java/com/abdillahi/soc/App.java. Using fallback presentation compiler.
2026.06.02 12:09:10 INFO  no build target found for /Users/abdillahi/soc-alert-triage-assistant/src/main/java/com/abdillahi/soc/App.java. Using fallback presentation compiler.
2026.06.02 12:09:10 INFO  no build target found for /Users/abdillahi/soc-alert-triage-assistant/src/main/java/com/abdillahi/soc/App.java. Using fallback presentation compiler.
2026.06.02 12:09:11 INFO  no build target found for /Users/abdillahi/soc-alert-triage-assistant/src/main/java/com/abdillahi/soc/App.java. Using fallback presentation compiler.
2026.06.02 12:09:12 INFO  no build target found for /Users/abdillahi/soc-alert-triage-assistant/src/main/java/com/abdillahi/soc/App.java. Using fallback presentation compiler.
2026.06.02 12:09:12 INFO  no build target found for /Users/abdillahi/soc-alert-triage-assistant/src/main/java/com/abdillahi/soc/App.java. Using fallback presentation compiler.
2026.06.02 12:09:12 INFO  no build target found for /Users/abdillahi/soc-alert-triage-assistant/src/main/java/com/abdillahi/soc/App.java. Using fallback presentation compiler.
2026.06.02 12:09:13 INFO  no build target found for /Users/abdillahi/soc-alert-triage-assistant/src/main/java/com/abdillahi/soc/App.java. Using fallback presentation compiler.
2026.06.02 12:09:13 INFO  no build target found for /Users/abdillahi/soc-alert-triage-assistant/src/main/java/com/abdillahi/soc/App.java. Using fallback presentation compiler.
2026.06.02 12:09:13 INFO  no build target found for /Users/abdillahi/soc-alert-triage-assistant/src/main/java/com/abdillahi/soc/App.java. Using fallback presentation compiler.
2026.06.02 12:09:19 INFO  no build target found for /Users/abdillahi/soc-alert-triage-assistant/src/main/java/com/abdillahi/soc/App.java. Using fallback presentation compiler.
2026.06.02 12:09:19 INFO  no build target found for /Users/abdillahi/soc-alert-triage-assistant/src/main/java/com/abdillahi/soc/App.java. Using fallback presentation compiler.
2026.06.02 12:09:20 INFO  no build target found for /Users/abdillahi/soc-alert-triage-assistant/src/main/java/com/abdillahi/soc/App.java. Using fallback presentation compiler.
2026.06.02 12:09:20 INFO  no build target found for /Users/abdillahi/soc-alert-triage-assistant/src/main/java/com/abdillahi/soc/App.java. Using fallback presentation compiler.
2026.06.02 12:09:20 INFO  no build target found for /Users/abdillahi/soc-alert-triage-assistant/src/main/java/com/abdillahi/soc/App.java. Using fallback presentation compiler.
2026.06.02 12:09:20 INFO  no build target found for /Users/abdillahi/soc-alert-triage-assistant/src/main/java/com/abdillahi/soc/App.java. Using fallback presentation compiler.
2026.06.02 12:09:22 INFO  no build target found for /Users/abdillahi/soc-alert-triage-assistant/src/main/java/com/abdillahi/soc/App.java. Using fallback presentation compiler.
2026.06.02 12:09:22 INFO  no build target found for /Users/abdillahi/soc-alert-triage-assistant/src/main/java/com/abdillahi/soc/App.java. Using fallback presentation compiler.
2026.06.02 12:09:22 INFO  no build target found for /Users/abdillahi/soc-alert-triage-assistant/src/main/java/com/abdillahi/soc/App.java. Using fallback presentation compiler.
2026.06.02 12:09:25 WARN  no build target for: /Users/abdillahi/soc-alert-triage-assistant/src/main/java/com/abdillahi/soc/App.java
2026.06.02 12:09:25 INFO  no build target found for /Users/abdillahi/soc-alert-triage-assistant/src/main/java/com/abdillahi/soc/App.java. Using fallback presentation compiler.
2026.06.02 12:09:25 INFO  no build target found for /Users/abdillahi/soc-alert-triage-assistant/src/main/java/com/abdillahi/soc/App.java. Using fallback presentation compiler.
2026.06.02 12:09:25 INFO  no build target found for /Users/abdillahi/soc-alert-triage-assistant/src/main/java/com/abdillahi/soc/App.java. Using fallback presentation compiler.
2026.06.02 12:09:26 INFO  no build target found for /Users/abdillahi/soc-alert-triage-assistant/src/main/java/com/abdillahi/soc/App.java. Using fallback presentation compiler.
2026.06.02 12:09:26 INFO  no build target found for /Users/abdillahi/soc-alert-triage-assistant/src/main/java/com/abdillahi/soc/App.java. Using fallback presentation compiler.
2026.06.02 12:09:28 INFO  no build target found for /Users/abdillahi/soc-alert-triage-assistant/src/main/java/com/abdillahi/soc/App.java. Using fallback presentation compiler.
2026.06.02 12:09:28 INFO  no build target found for /Users/abdillahi/soc-alert-triage-assistant/src/main/java/com/abdillahi/soc/App.java. Using fallback presentation compiler.
2026.06.02 12:09:28 INFO  no build target found for /Users/abdillahi/soc-alert-triage-assistant/src/main/java/com/abdillahi/soc/App.java. Using fallback presentation compiler.
2026.06.02 12:09:33 INFO  no build target found for /Users/abdillahi/soc-alert-triage-assistant/src/main/java/com/abdillahi/soc/App.java. Using fallback presentation compiler.
2026.06.02 12:09:33 INFO  no build target found for /Users/abdillahi/soc-alert-triage-assistant/src/main/java/com/abdillahi/soc/App.java. Using fallback presentation compiler.
2026.06.02 12:09:35 INFO  no build target found for /Users/abdillahi/soc-alert-triage-assistant/src/main/java/com/abdillahi/soc/App.java. Using fallback presentation compiler.
2026.06.02 12:09:35 INFO  no build target found for /Users/abdillahi/soc-alert-triage-assistant/src/main/java/com/abdillahi/soc/App.java. Using fallback presentation compiler.
2026.06.02 12:09:35 INFO  no build target found for /Users/abdillahi/soc-alert-triage-assistant/src/main/java/com/abdillahi/soc/App.java. Using fallback presentation compiler.
2026.06.02 12:09:36 WARN  no build target for: /Users/abdillahi/soc-alert-triage-assistant/src/main/java/com/abdillahi/soc/App.java
2026.06.02 12:09:36 INFO  no build target found for /Users/abdillahi/soc-alert-triage-assistant/src/main/java/com/abdillahi/soc/App.java. Using fallback presentation compiler.
2026.06.02 12:09:35 INFO  no build target found for /Users/abdillahi/soc-alert-triage-assistant/src/main/java/com/abdillahi/soc/App.java. Using fallback presentation compiler.
2026.06.02 12:09:42 INFO  no build target found for /Users/abdillahi/soc-alert-triage-assistant/src/main/java/com/abdillahi/soc/App.java. Using fallback presentation compiler.
2026.06.02 12:09:56 INFO  no build target found for /Users/abdillahi/soc-alert-triage-assistant/src/main/java/com/abdillahi/soc/App.java. Using fallback presentation compiler.
2026.06.02 12:12:31 WARN  no build target for: /Users/abdillahi/soc-alert-triage-assistant/src/main/java/com/abdillahi/soc/App.java
2026.06.02 12:12:31 INFO  no build target found for /Users/abdillahi/soc-alert-triage-assistant/src/main/java/com/abdillahi/soc/App.java. Using fallback presentation compiler.
2026.06.02 12:12:31 INFO  no build target found for /Users/abdillahi/soc-alert-triage-assistant/src/main/java/com/abdillahi/soc/App.java. Using fallback presentation compiler.
2026.06.02 12:12:31 INFO  no build target found for /Users/abdillahi/soc-alert-triage-assistant/src/main/java/com/abdillahi/soc/App.java. Using fallback presentation compiler.
2026.06.02 12:12:31 INFO  no build target found for /Users/abdillahi/soc-alert-triage-assistant/src/main/java/com/abdillahi/soc/App.java. Using fallback presentation compiler.
2026.06.02 12:12:31 INFO  no build target found for /Users/abdillahi/soc-alert-triage-assistant/src/main/java/com/abdillahi/soc/App.java. Using fallback presentation compiler.
2026.06.02 12:12:33 INFO  no build target found for /Users/abdillahi/soc-alert-triage-assistant/src/main/java/com/abdillahi/soc/App.java. Using fallback presentation compiler.
2026.06.02 12:12:33 INFO  no build target found for /Users/abdillahi/soc-alert-triage-assistant/src/main/java/com/abdillahi/soc/App.java. Using fallback presentation compiler.
2026.06.02 12:12:33 INFO  no build target found for /Users/abdillahi/soc-alert-triage-assistant/src/main/java/com/abdillahi/soc/App.java. Using fallback presentation compiler.
2026.06.02 12:12:34 INFO  no build target found for /Users/abdillahi/soc-alert-triage-assistant/src/main/java/com/abdillahi/soc/App.java. Using fallback presentation compiler.
2026.06.02 12:12:34 WARN  no build target for: /Users/abdillahi/soc-alert-triage-assistant/src/main/java/com/abdillahi/soc/App.java
2026.06.02 12:12:34 INFO  no build target found for /Users/abdillahi/soc-alert-triage-assistant/src/main/java/com/abdillahi/soc/App.java. Using fallback presentation compiler.
2026.06.02 12:12:35 INFO  no build target found for /Users/abdillahi/soc-alert-triage-assistant/src/main/java/com/abdillahi/soc/App.java. Using fallback presentation compiler.
2026.06.02 12:12:55 INFO  no build target found for /Users/abdillahi/soc-alert-triage-assistant/src/main/java/com/abdillahi/soc/App.java. Using fallback presentation compiler.
2026.06.02 12:14:03 INFO  no build target found for /Users/abdillahi/soc-alert-triage-assistant/src/main/java/com/abdillahi/soc/App.java. Using fallback presentation compiler.
2026.06.02 12:14:03 INFO  no build target found for /Users/abdillahi/soc-alert-triage-assistant/src/main/java/com/abdillahi/soc/App.java. Using fallback presentation compiler.
2026.06.02 12:14:04 INFO  no build target found for /Users/abdillahi/soc-alert-triage-assistant/src/main/java/com/abdillahi/soc/App.java. Using fallback presentation compiler.
2026.06.02 12:14:03 INFO  no build target found for /Users/abdillahi/soc-alert-triage-assistant/src/main/java/com/abdillahi/soc/App.java. Using fallback presentation compiler.
2026.06.02 12:14:03 INFO  no build target found for /Users/abdillahi/soc-alert-triage-assistant/src/main/java/com/abdillahi/soc/App.java. Using fallback presentation compiler.
2026.06.02 12:14:04 INFO  no build target found for /Users/abdillahi/soc-alert-triage-assistant/src/main/java/com/abdillahi/soc/App.java. Using fallback presentation compiler.
2026.06.02 12:14:04 WARN  no build target for: /Users/abdillahi/soc-alert-triage-assistant/src/main/java/com/abdillahi/soc/App.java
2026.06.02 12:14:04 INFO  no build target found for /Users/abdillahi/soc-alert-triage-assistant/src/main/java/com/abdillahi/soc/App.java. Using fallback presentation compiler.
2026.06.02 12:14:05 INFO  no build target found for /Users/abdillahi/soc-alert-triage-assistant/src/main/java/com/abdillahi/soc/App.java. Using fallback presentation compiler.
2026.06.02 12:14:06 WARN  no build target for: /Users/abdillahi/soc-alert-triage-assistant/src/main/java/com/abdillahi/soc/App.java
2026.06.02 12:14:06 INFO  no build target found for /Users/abdillahi/soc-alert-triage-assistant/src/main/java/com/abdillahi/soc/App.java. Using fallback presentation compiler.
2026.06.02 12:14:07 INFO  no build target found for /Users/abdillahi/soc-alert-triage-assistant/src/main/java/com/abdillahi/soc/App.java. Using fallback presentation compiler.
2026.06.02 12:14:53 INFO  no build target found for /Users/abdillahi/soc-alert-triage-assistant/src/main/java/com/abdillahi/soc/App.java. Using fallback presentation compiler.
2026.06.02 12:14:53 INFO  no build target found for /Users/abdillahi/soc-alert-triage-assistant/src/main/java/com/abdillahi/soc/App.java. Using fallback presentation compiler.
2026.06.02 12:14:53 INFO  no build target found for /Users/abdillahi/soc-alert-triage-assistant/src/main/java/com/abdillahi/soc/App.java. Using fallback presentation compiler.
2026.06.02 12:14:54 INFO  no build target found for /Users/abdillahi/soc-alert-triage-assistant/src/main/java/com/abdillahi/soc/App.java. Using fallback presentation compiler.
2026.06.02 12:14:55 WARN  no build target for: /Users/abdillahi/soc-alert-triage-assistant/src/main/java/com/abdillahi/soc/App.java
2026.06.02 12:14:55 INFO  no build target found for /Users/abdillahi/soc-alert-triage-assistant/src/main/java/com/abdillahi/soc/App.java. Using fallback presentation compiler.
2026.06.02 12:14:55 INFO  no build target found for /Users/abdillahi/soc-alert-triage-assistant/src/main/java/com/abdillahi/soc/App.java. Using fallback presentation compiler.
2026.06.02 12:15:04 INFO  no build target found for /Users/abdillahi/soc-alert-triage-assistant/src/test/java/com/abdillahi/soc/AppTest.java. Using fallback presentation compiler.
2026.06.02 12:15:05 INFO  no build target found for /Users/abdillahi/soc-alert-triage-assistant/src/test/java/com/abdillahi/soc/AppTest.java. Using fallback presentation compiler.
2026.06.02 12:15:06 INFO  no build target found for /Users/abdillahi/soc-alert-triage-assistant/src/test/java/com/abdillahi/soc/AppTest.java. Using fallback presentation compiler.
2026.06.02 12:15:06 INFO  no build target found for /Users/abdillahi/soc-alert-triage-assistant/src/test/java/com/abdillahi/soc/AppTest.java. Using fallback presentation compiler.
2026.06.02 12:15:07 INFO  no build target found for /Users/abdillahi/soc-alert-triage-assistant/src/test/java/com/abdillahi/soc/AppTest.java. Using fallback presentation compiler.
2026.06.02 12:15:07 INFO  no build target found for /Users/abdillahi/soc-alert-triage-assistant/src/test/java/com/abdillahi/soc/AppTest.java. Using fallback presentation compiler.
2026.06.02 12:15:07 WARN  no build target for: /Users/abdillahi/soc-alert-triage-assistant/src/test/java/com/abdillahi/soc/AppTest.java
2026.06.02 12:15:07 INFO  no build target found for /Users/abdillahi/soc-alert-triage-assistant/src/test/java/com/abdillahi/soc/AppTest.java. Using fallback presentation compiler.
2026.06.02 12:18:11 INFO  no build target found for /Users/abdillahi/soc-alert-triage-assistant/src/test/java/com/abdillahi/soc/AppTest.java. Using fallback presentation compiler.
2026.06.02 12:21:59 INFO  no build target found for /Users/abdillahi/soc-alert-triage-assistant/src/test/java/com/abdillahi/soc/AppTest.java. Using fallback presentation compiler.
2026.06.02 12:29:22 INFO  no build target found for /Users/abdillahi/soc-alert-triage-assistant/src/main/java/com/abdillahi/soc/HomeController.java. Using fallback presentation compiler.
2026.06.02 12:29:22 INFO  no build target found for /Users/abdillahi/soc-alert-triage-assistant/src/main/java/com/abdillahi/soc/HomeController.java. Using fallback presentation compiler.
2026.06.02 12:29:24 WARN  no build target for: /Users/abdillahi/soc-alert-triage-assistant/src/main/java/com/abdillahi/soc/HomeController.java
2026.06.02 12:29:24 INFO  no build target found for /Users/abdillahi/soc-alert-triage-assistant/src/main/java/com/abdillahi/soc/HomeController.java. Using fallback presentation compiler.
2026.06.02 12:33:41 INFO  no build target found for /Users/abdillahi/soc-alert-triage-assistant/src/main/java/com/abdillahi/soc/triage/AlertScorer.java. Using fallback presentation compiler.
2026.06.02 12:33:41 WARN  no build target for: /Users/abdillahi/soc-alert-triage-assistant/src/main/java/com/abdillahi/soc/triage/AlertScorer.java
2026.06.02 12:33:41 INFO  no build target found for /Users/abdillahi/soc-alert-triage-assistant/src/main/java/com/abdillahi/soc/triage/AlertScorer.java. Using fallback presentation compiler.
2026.06.02 12:33:41 INFO  no build target found for /Users/abdillahi/soc-alert-triage-assistant/src/main/java/com/abdillahi/soc/triage/AlertScorer.java. Using fallback presentation compiler.
2026.06.02 12:33:44 INFO  no build target found for /Users/abdillahi/soc-alert-triage-assistant/src/main/java/com/abdillahi/soc/triage/AlertScorer.java. Using fallback presentation compiler.
2026.06.02 12:33:44 INFO  no build target found for /Users/abdillahi/soc-alert-triage-assistant/src/main/java/com/abdillahi/soc/triage/AlertScorer.java. Using fallback presentation compiler.
2026.06.02 12:33:45 INFO  no build target found for /Users/abdillahi/soc-alert-triage-assistant/src/main/java/com/abdillahi/soc/triage/AlertScorer.java. Using fallback presentation compiler.
2026.06.02 12:33:45 INFO  no build target found for /Users/abdillahi/soc-alert-triage-assistant/src/main/java/com/abdillahi/soc/triage/AlertScorer.java. Using fallback presentation compiler.
2026.06.02 12:33:45 INFO  no build target found for /Users/abdillahi/soc-alert-triage-assistant/src/main/java/com/abdillahi/soc/triage/AlertScorer.java. Using fallback presentation compiler.
2026.06.02 12:33:50 INFO  no build target found for /Users/abdillahi/soc-alert-triage-assistant/src/main/java/com/abdillahi/soc/triage/AlertScorer.java. Using fallback presentation compiler.
2026.06.02 12:33:50 INFO  no build target found for /Users/abdillahi/soc-alert-triage-assistant/src/main/java/com/abdillahi/soc/triage/AlertScorer.java. Using fallback presentation compiler.
2026.06.02 12:33:50 INFO  no build target found for /Users/abdillahi/soc-alert-triage-assistant/src/main/java/com/abdillahi/soc/triage/AlertScorer.java. Using fallback presentation compiler.
